Log file open, 07/17/16 12:14:19
LogInit:Display: Running engine for game: Minithulhutrainer
LogPlatformFile: Not using cached read wrapper
LogInit:Display: RandInit(-1092230186) SRandInit(-1092230185).
LogTaskGraph: Started task graph with 4 named threads and 7 total threads.
LogStats: Stats thread started at 0.121008
LogInit: Version: 4.11.2-2946394+++UE4+Release-4.11
LogInit: API Version: 2927265
LogInit: Compiled (64-bit): Apr 18 2016 02:18:46
LogInit: Compiled with Visual C++: 19.00.23026.00
LogInit: Build Configuration: Development
LogInit: Branch Name: ++UE4+Release-4.11
LogInit: Command line:  
LogInit: Base directory: C:/Program Files (x86)/Epic Games/4.11/Engine/Binaries/Win64/
LogInit: Installed Engine Build: 1
LogInit: Using libcurl 7.41.0
LogInit:  - built for x86_64-pc-win32
LogInit:  - supports SSL with WinSSL
LogInit:  - other features:
LogInit:      CURL_VERSION_SSL
LogInit:      CURL_VERSION_IPV6
LogInit:      CURL_VERSION_ASYNCHDNS
LogInit:      CURL_VERSION_LARGEFILE
LogInit:      CURL_VERSION_IDN
LogInit:  CurlRequestOptions (configurable via config and command line):
LogInit:  - bVerifyPeer = true  - Libcurl will verify peer certificate
LogInit:  - bUseHttpProxy = false  - Libcurl will NOT use HTTP proxy
LogInit:  - bDontReuseConnections = false  - Libcurl will reuse connections
LogInit:  - CertBundlePath = nullptr  - Libcurl will use whatever was configured at build time.
LogInit: Presizing for max 16777216 objects, including 0 objects not considered by GC, pre-allocating 0 bytes for permanent pool.
LogInit: Object subsystem initialized
[2016.07.17-19.14.19:117][  0]LogInit: Selected Device Profile: [Windows]
[2016.07.17-19.14.19:117][  0]LogInit: Applying CVar settings loaded from the selected device profile: [Windows]
[2016.07.17-19.14.19:122][  0]LogInit: Computer: BETANCORE
[2016.07.17-19.14.19:122][  0]LogInit: User: Sean
[2016.07.17-19.14.19:122][  0]LogInit: CPU Page size=65536, Cores=4
[2016.07.17-19.14.19:122][  0]LogInit: High frequency timer resolution =3.906247 MHz
[2016.07.17-19.14.19:123][  0]LogMemory: Memory total: Physical=15.9GB (16GB approx)
[2016.07.17-19.14.19:123][  0]LogMemory: Platform Memory Stats for Windows
[2016.07.17-19.14.19:123][  0]LogMemory: Process Physical Memory: 313.18 MB used, 313.18 MB peak
[2016.07.17-19.14.19:123][  0]LogMemory: Process Virtual Memory: 314.80 MB used, 314.80 MB peak
[2016.07.17-19.14.19:123][  0]LogMemory: Physical Memory: 5622.63 MB used, 16324.07 MB total
[2016.07.17-19.14.19:123][  0]LogMemory: Virtual Memory: 653.23 MB used, 134217728.00 MB total
[2016.07.17-19.14.19:578][  0]LogTextLocalizationManager: No specific translations for ('en-US') exist, so ('en') translations will be used.
[2016.07.17-19.14.20:083][  0]LogD3D11RHI: D3D11 adapters:
[2016.07.17-19.14.20:102][  0]LogD3D11RHI:    0. 'AMD Radeon (TM) R7 360 Series' (Feature Level 11_0)
[2016.07.17-19.14.20:102][  0]LogD3D11RHI:       2026MB of dedicated video memory, 0MB of dedicated system memory, and 8162MB of shared system memory, 2 output[s]
[2016.07.17-19.14.20:104][  0]LogD3D11RHI:    1. 'Microsoft Basic Render Driver' (Feature Level 11_0)
[2016.07.17-19.14.20:104][  0]LogD3D11RHI:       0MB of dedicated video memory, 0MB of dedicated system memory, and 8162MB of shared system memory, 0 output[s]
[2016.07.17-19.14.20:104][  0]LogD3D11RHI: Chosen D3D11 Adapter: 0
[2016.07.17-19.14.20:107][  0]LogD3D11RHI: Creating new Direct3DDevice
[2016.07.17-19.14.20:107][  0]LogD3D11RHI:     Adapter Name: AMD Radeon (TM) R7 360 Series
[2016.07.17-19.14.20:107][  0]LogD3D11RHI:   Driver Version: Catalyst 15.8 (internal 16.150.2211.0)
[2016.07.17-19.14.20:107][  0]LogD3D11RHI:      Driver Date: 3-21-2016
[2016.07.17-19.14.20:107][  0]LogRHI: Texture pool is 1361 MB (70% of 1945 MB)
[2016.07.17-19.14.20:113][  0]LogD3D11RHI: Async texture creation disabled: no driver support
[2016.07.17-19.14.20:125][  0]LogShaderCompilers: Guid format shader working directory is -27 characters bigger than the processId version (../../../../../../Users/Sean/Documents/Unreal Projects/Minithulhutrainer/Intermediate/Shaders/WorkingDirectory/5384/).
[2016.07.17-19.14.20:125][  0]LogShaderCompilers: Cleaned the shader compiler working directory 'C:/Users/Sean/AppData/Local/Temp/UnrealShaderWorkingDir/EECC979D43D40C331F975482CDA8F67D/'.
[2016.07.17-19.14.20:125][  0]LogShaderCompilers:Display: Using Local Shader Compiler.
[2016.07.17-19.14.23:160][  0]LogTemp:Display: Loaded TP AllDesktopTargetPlatform
[2016.07.17-19.14.23:171][  0]LogTemp:Display: Loaded TP WindowsClientTargetPlatform
[2016.07.17-19.14.23:182][  0]LogTemp:Display: Loaded TP WindowsNoEditorTargetPlatform
[2016.07.17-19.14.23:193][  0]LogTemp:Display: Loaded TP WindowsServerTargetPlatform
[2016.07.17-19.14.23:222][  0]LogTemp:Display: Loaded TP WindowsTargetPlatform
[2016.07.17-19.14.23:253][  0]LogTemp:Display: Loaded TP AndroidTargetPlatform
[2016.07.17-19.14.23:262][  0]LogTemp:Display: Loaded TP Android_ASTCTargetPlatform
[2016.07.17-19.14.23:272][  0]LogTemp:Display: Loaded TP Android_ATCTargetPlatform
[2016.07.17-19.14.23:281][  0]LogTemp:Display: Loaded TP Android_DXTTargetPlatform
[2016.07.17-19.14.23:291][  0]LogTemp:Display: Loaded TP Android_ETC1TargetPlatform
[2016.07.17-19.14.23:300][  0]LogTemp:Display: Loaded TP Android_ETC2TargetPlatform
[2016.07.17-19.14.23:319][  0]LogTemp:Display: Loaded TP Android_MultiTargetPlatform
[2016.07.17-19.14.23:319][  0]LogTemp:Display: Loaded TP Android_PVRTCTargetPlatform
[2016.07.17-19.14.23:331][  0]LogTemp:Display: Loaded TP HTML5TargetPlatform
[2016.07.17-19.14.23:389][  0]LogTemp:Display: Loaded TP IOSTargetPlatform
[2016.07.17-19.14.23:412][  0]LogTemp:Display: Loaded TP TVOSTargetPlatform
[2016.07.17-19.14.23:421][  0]LogTemp:Display: Loaded TP LinuxNoEditorTargetPlatform
[2016.07.17-19.14.23:600][  0]LogTemp:Display: Loaded TP LinuxServerTargetPlatform
[2016.07.17-19.14.23:603][  0]LogTemp:Display: Loaded TP LinuxTargetPlatform
[2016.07.17-19.14.23:603][  0]LogTargetPlatformManager:Display: Building Assets For Windows
[2016.07.17-19.14.24:048][  0]LogDerivedDataCache:Display: Max Cache Size: 512 MB
[2016.07.17-19.14.24:317][  0]LogDerivedDataCache: Loaded boot cache 0.27s 46MB C:/Users/Sean/AppData/Local/UnrealEngine/4.11/DerivedDataCache/Boot.ddc.
[2016.07.17-19.14.24:317][  0]LogDerivedDataCache:Display: Loaded Boot cache: C:/Users/Sean/AppData/Local/UnrealEngine/4.11/DerivedDataCache/Boot.ddc
[2016.07.17-19.14.24:317][  0]LogDerivedDataCache: FDerivedDataBackendGraph:  Pak pak cache file ../../../../../../Users/Sean/Documents/Unreal Projects/Minithulhutrainer/DerivedDataCache/DDC.ddp not found, will not use a pak cache.
[2016.07.17-19.14.24:317][  0]LogDerivedDataCache: Unable to find inner node Pak for hierarchical cache Hierarchy.
[2016.07.17-19.14.24:318][  0]LogDerivedDataCache: FDerivedDataBackendGraph:  CompressedPak pak cache file ../../../../../../Users/Sean/Documents/Unreal Projects/Minithulhutrainer/DerivedDataCache/Compressed.ddp not found, will not use a pak cache.
[2016.07.17-19.14.24:318][  0]LogDerivedDataCache: Unable to find inner node CompressedPak for hierarchical cache Hierarchy.
[2016.07.17-19.14.24:358][  0]LogDerivedDataCache:Display: Pak cache opened for reading ../../../Engine/DerivedDataCache/Compressed.ddp.
[2016.07.17-19.14.24:385][  0]LogDerivedDataCache: Using Local data cache path C:/Users/Sean/AppData/Local/UnrealEngine/Common/DerivedDataCache: Writable
[2016.07.17-19.14.26:989][  0]LogInit: Selected Device Profile: [Windows]
[2016.07.17-19.14.27:033][  0]LogContentStreaming: Texture pool size is 0.00 MB
[2016.07.17-19.14.27:127][  0]LogConfig:Warning: Failed to saved backup for config[GameplayTags]
[2016.07.17-19.14.27:385][  0]LogMaterial: Uniform references updated for custom material expression Custom.
[2016.07.17-19.14.27:907][  0]LogMeshUtilities: No automatic mesh reduction module available
[2016.07.17-19.14.27:907][  0]LogMeshUtilities: No automatic mesh merging module available
[2016.07.17-19.14.27:907][  0]LogMeshUtilities: No distributed automatic mesh merging module available
[2016.07.17-19.14.30:276][  0]LogUObjectArray: 27679 objects as part of root set at end of initial load.
[2016.07.17-19.14.30:276][  0]LogUObjectAllocator: 5591592 out of 0 bytes used by permanent object pool.
[2016.07.17-19.14.30:276][  0]LogUObjectArray: CloseDisregardForGC: 0/0 objects in disregard for GC pool
[2016.07.17-19.14.30:291][  0]LogInit: WinSock: version 1.1 (2.2), MaxSocks=32767, MaxUdp=65467
[2016.07.17-19.14.32:622][  0]LogSlate: SlateFontCache - WITH_FREETYPE: 1, WITH_HARFBUZZ: 1
[2016.07.17-19.14.32:622][  0]LogSlate: SlateFontCache - WITH_FREETYPE: 1, WITH_HARFBUZZ: 1
[2016.07.17-19.14.35:219][  0]LogStreaming:Warning: Failed to read file '../../../Engine/Content/Editor/Slate/Common/Selection_16x.png' error.
[2016.07.17-19.14.35:219][  0]LogSlate: Could not find file for Slate resource: ../../../Engine/Content/Editor/Slate/Common/Selection_16x.png
[2016.07.17-19.14.35:219][  0]LogStreaming:Warning: Failed to read file '../../../Engine/Content/Editor/Slate/Common/Selection_16x.png' error.
[2016.07.17-19.14.35:219][  0]LogSlate: Could not find file for Slate resource: ../../../Engine/Content/Editor/Slate/Common/Selection_16x.png
[2016.07.17-19.14.35:219][  0]LogStreaming:Warning: Failed to read file '../../../Engine/Content/Editor/Slate/Common/Selection_16x.png' error.
[2016.07.17-19.14.35:219][  0]LogSlate: Could not find file for Slate resource: ../../../Engine/Content/Editor/Slate/Common/Selection_16x.png
[2016.07.17-19.14.47:734][  0]LogUdpMessaging: Initializing bridge on interface 0.0.0.0:0 to multicast group 230.0.0.1:6666.
[2016.07.17-19.14.48:223][  0]LogAssetRegistry: FAssetRegistry took 0.0219 seconds to start up
[2016.07.17-19.14.49:706][  0]SourceControl: Info Source control is disabled
[2016.07.17-19.14.49:707][  0]SourceControl: Info Source control is disabled
[2016.07.17-19.14.49:767][  0]SourceControl: Info Source control is disabled
[2016.07.17-19.14.49:804][  0]SourceControl: Info Source control is disabled
[2016.07.17-19.14.50:387][  0]LogHMD: Failed to initialize OpenVR with code 110
[2016.07.17-19.14.50:636][  0]LogEngine: Initializing Engine...
[2016.07.17-19.14.51:275][  0]LogAIModule: Creating AISystem for world NewWorld
[2016.07.17-19.14.51:289][  0]LogInit: XAudio2 using 'Speakers (Realtek High Definition Audio)' : 2 channels at 48 kHz using 32 bits per sample (channel mask 0x3)
[2016.07.17-19.14.51:355][  0]LogInit: FAudioDevice initialized.
[2016.07.17-19.14.51:391][  0]LogDerivedDataCache: Saved boot cache 0.04s 46MB C:/Users/Sean/AppData/Local/UnrealEngine/4.11/DerivedDataCache/Boot.ddc.
[2016.07.17-19.14.51:394][  0]LogInit: Texture streaming: Enabled
[2016.07.17-19.14.51:636][  0]LogInit: Transaction tracking system initialized
[2016.07.17-19.14.51:795][  0]BlueprintLog: New page: Editor Load
[2016.07.17-19.14.52:928][  0]LocalizationService: Info Localization service is disabled
[2016.07.17-19.14.53:501][  0]LogConsoleResponse:Display: 
[2016.07.17-19.14.55:119][  0]LogCook:Display: Max memory allowance for cook 8192mb
[2016.07.17-19.14.55:119][  0]LogCook:Display: Mobile HDR setting 1
[2016.07.17-19.14.55:119][  0]LogCook:Display: Done creating registry. It took  0.00s.
[2016.07.17-19.14.55:710][  0]LogFileCache: Scanning file cache for directory 'C:/Users/Sean/Documents/Unreal Projects/Minithulhutrainer/Content/' took 0.01s
[2016.07.17-19.14.55:710][  0]SourceControl: Info Source control is disabled
[2016.07.17-19.14.55:710][  0]Cmd: MAP LOAD FILE="../../../../../../Users/Sean/Documents/Unreal Projects/Minithulhutrainer/Content/ThirdPersonBP/Maps/ThirdPersonExampleMap.umap" TEMPLATE=0 SHOWPROGRESS=1 FEATURELEVEL=3
[2016.07.17-19.14.55:747][  0]LightingResults: New page: Lighting Build
[2016.07.17-19.14.55:751][  0]MapCheck: New page: Map Check
[2016.07.17-19.14.55:751][  0]LightingResults: New page: Lighting Build
[2016.07.17-19.14.58:227][  0]LogAIModule: Creating AISystem for world ThirdPersonExampleMap
[2016.07.17-19.14.58:413][  0]LogEditorServer: Finished looking for orphan Actors (0.000 secs)
[2016.07.17-19.14.58:413][  0]Cmd: MAP CHECKDEP NOCLEARLOG
[2016.07.17-19.14.58:493][  0]MapCheck: Info Map check complete: 0 Error(s), 0 Warning(s), took 79.67ms to complete.
[2016.07.17-19.14.58:493][  0]LogFileHelpers: Loading map 'ThirdPersonExampleMap' took 2.783
[2016.07.17-19.14.58:843][  0]LogCrashTracker: Crashtracker disabled due to settings.
[2016.07.17-19.14.58:890][  0]LogCollectionManager: Loaded 0 collections in 0.003448 seconds
[2016.07.17-19.14.58:940][  0]LogFileCache: Scanning file cache for directory 'C:/Users/Sean/Documents/Unreal Projects/Minithulhutrainer/Saved/Collections/' took 0.01s
[2016.07.17-19.14.58:940][  0]LogFileCache: Scanning file cache for directory 'C:/Users/Sean/Documents/Unreal Projects/Minithulhutrainer/Content/Developers/Sean/Collections/' took 0.01s
[2016.07.17-19.14.58:940][  0]LogFileCache: Scanning file cache for directory 'C:/Users/Sean/Documents/Unreal Projects/Minithulhutrainer/Content/Collections/' took 0.01s
[2016.07.17-19.14.58:940][  0]LogCollectionManager: Rebuilt the GUID cache for 0 collections in 0.000006 seconds
[2016.07.17-19.14.58:945][  0]LogContentBrowser: Native class hierarchy populated in 0.0052 seconds. Added 1980 classes and 345 folders.
[2016.07.17-19.14.58:950][  0]LogStats: UGameplayTagsManager::ConstructGameplayTagTree: Construct from data asset -  0.000 s
[2016.07.17-19.14.58:950][  0]LogStats: UGameplayTagsManager::ConstructGameplayTagTree: GameplayTagTreeChangedEvent.Broadcast -  0.000 s
[2016.07.17-19.14.58:950][  0]LogContentBrowser: Native class hierarchy updated for 'GameplayTags' in 0.0003 seconds. Added 12 classes and 0 folders.
[2016.07.17-19.14.58:957][  0]LogContentBrowser: Native class hierarchy updated for 'WidgetCarousel' in 0.0003 seconds. Added 0 classes and 0 folders.
[2016.07.17-19.14.59:756][  0]LogContentBrowser: Native class hierarchy updated for 'AddContentDialog' in 0.0003 seconds. Added 0 classes and 0 folders.
[2016.07.17-19.14.59:759][  0]LogUObjectGlobals:Warning: Failed to find object 'Class None.'
[2016.07.17-19.14.59:814][  0]LogContentBrowser: Native class hierarchy updated for 'HierarchicalLODOutliner' in 0.0003 seconds. Added 1 classes and 2 folders.
[2016.07.17-19.14.59:814][  0]LogLoad: Full Startup: 42.90 seconds (BP compile: 0.11 seconds)
[2016.07.17-19.14.59:814][  0]LogExternalProfiler:Warning: No registered external profiler was matched with a command-line switch (or the DLL could not be loaded).  External profiling features will not be available.
[2016.07.17-19.15.00:153][  0]LogOcInput: OculusInput pre-init called
[2016.07.17-19.15.00:168][  0]LogAssetRegistry: Asset discovery search completed in 11.9672 seconds
[2016.07.17-19.15.00:168][  0]LogCollectionManager: Rebuilt the object cache for 0 collections in 0.000000 seconds (found 0 objects)
[2016.07.17-19.15.00:168][  0]LogCollectionManager: Fixed up redirectors for 0 collections in 0.000030 seconds (updated 0 objects)
[2016.07.17-19.15.00:203][  0]LogContentStreaming: Texture pool size now 1000 MB
[2016.07.17-19.15.00:462][  0]LogContentBrowser:Verbose: The majority of assets in the view are of type: WidgetBlueprint
[2016.07.17-19.15.00:483][  0]LogRenderer: Reallocating scene render targets to support 1276x868 (Frame:2).
[2016.07.17-19.30.57:515][ 77]LightingResults: New page: Lighting Build
[2016.07.17-19.30.57:516][ 77]MapCheck: New page: Map Check
[2016.07.17-19.30.57:516][ 77]LightingResults: New page: Lighting Build
[2016.07.17-19.30.57:530][ 77]LogAIModule: Creating AISystem for world NewWorld
[2016.07.17-19.30.57:532][ 77]LoadErrors: New page: New Map
[2016.07.17-19.30.57:664][ 80]LogEditorViewport: Clicking Background
[2016.07.17-19.31.07:576][ 94]LogContentBrowser:Verbose: The majority of assets in the view are of type: None
[2016.07.17-19.32.53:239][497]LogContentBrowser:Verbose: The majority of assets in the view are of type: WidgetBlueprint
[2016.07.17-19.32.54:606][604]LogContentBrowser: Native class hierarchy updated for 'BlueprintGraph' in 0.0008 seconds. Added 108 classes and 0 folders.
[2016.07.17-19.40.03:730][717]LogTexture:Display: Building textures: T_Brick_Clay_New_N (BC5)
[2016.07.17-19.40.31:080][145]LogTexture:Display: Building textures: T_Wood_Floor_Walnut_N (BC5)
[2016.07.17-19.40.47:775][662]LogTexture:Display: Building textures: T_Shelf_M (DXT1)
[2016.07.17-19.40.53:489][141]LogTexture:Display: Building textures: T_Lamp_N (BC5)
[2016.07.17-19.40.57:462][494]LogTexture:Display: Building textures: T_Fire_Tiled_D (AutoDXT)
[2016.07.17-19.41.08:591][549]LogTexture:Display: Building textures: T_Brick_Clay_New_M (AutoDXT)
[2016.07.17-19.41.18:253][249]Cmd: OBJ SAVEPACKAGE PACKAGE="/Game/trainermenu/NewBlueprint" FILE="../../../../../../Users/Sean/Documents/Unreal Projects/Minithulhutrainer/Content/trainermenu/NewBlueprint.uasset" SILENT=true
[2016.07.17-19.41.18:289][249]LogSavePackage: Save=34.64ms
[2016.07.17-19.41.18:289][249]LogSavePackage: Moving '../../../../../../Users/Sean/Documents/Unreal Projects/Minithulhutrainer/Saved/NewBlueprint9885DE1D422A6CFC75F81A9381AE4666.tmp' to '../../../../../../Users/Sean/Documents/Unreal Projects/Minithulhutrainer/Content/trainermenu/NewBlueprint.uasset'
[2016.07.17-19.41.18:291][249]LogSavePackage: Total save time: 36.68ms
[2016.07.17-19.41.18:291][249]LogSavePackage:Display: Finished SavePackage ../../../../../../Users/Sean/Documents/Unreal Projects/Minithulhutrainer/Content/trainermenu/NewBlueprint.uasset
[2016.07.17-19.41.19:277][337]BlueprintLog: New page: Compile NewBlueprint
[2016.07.17-19.41.19:282][337]LogActorComponent: UnregisterComponent: (/Engine/Transient.MovementComponent0) Not registered. Aborting.
[2016.07.17-19.41.19:352][337]BlueprintEditorCompileResults: Info [1622.44] Compile of NewBlueprint successful! [in 75 ms]
[2016.07.17-19.41.21:078][489]LogPlayLevel: PlayLevel: No blueprints needed recompiling
[2016.07.17-19.41.21:108][489]PIE: New page: PIE session: Untitled_1 (Jul 17, 2016, 4:41:21 AM)
[2016.07.17-19.41.21:108][489]LogPlayLevel: Creating play world package: /Temp/UEDPIE_0_Untitled_1
[2016.07.17-19.41.21:109][489]LogPlayLevel: PIE: StaticDuplicateObject took: (0.000428s)
[2016.07.17-19.41.21:109][489]LogAIModule: Creating AISystem for world NewWorld
[2016.07.17-19.41.21:109][489]LogPlayLevel: PIE: World Init took: (0.000423s)
[2016.07.17-19.41.21:109][489]LogPlayLevel: PIE: Created PIE world by copying editor world from /Temp/Untitled_1.NewWorld to /Temp/UEDPIE_0_Untitled_1.NewWorld (0.000985s)
[2016.07.17-19.41.21:129][489]LogInit: XAudio2 using 'Speakers (Realtek High Definition Audio)' : 2 channels at 48 kHz using 32 bits per sample (channel mask 0x3)
[2016.07.17-19.41.21:134][489]LogInit: FAudioDevice initialized.
[2016.07.17-19.41.21:228][489]LogWorld: Game class is 'ThirdPersonGameMode_C'
[2016.07.17-19.41.21:230][489]LogWorld: Bringing World /Temp/UEDPIE_0_Untitled_1.NewWorld up for play (max tick rate 0) at 2016.07.17-12.41.21
[2016.07.17-19.41.21:230][489]LogWorld: Bringing up level for play took: 0.000697
[2016.07.17-19.41.21:235][489]LogContentBrowser: Native class hierarchy updated for 'MovieSceneCapture' in 0.0003 seconds. Added 9 classes and 0 folders.
[2016.07.17-19.41.21:236][489]PIE: Info Play in editor start time for /Temp/UEDPIE_0_Untitled_1 -0.76
[2016.07.17-19.47.38:529][488]LogTexture:Display: Building textures: icon_Editor_Preferences_General_40x (BGRA8)
[2016.07.17-19.47.38:553][488]LogTexture:Display: Building textures: Paper2DSprite_TutorialIcon (BGRA8)
[2016.07.17-19.47.38:581][488]LogTexture:Display: Building textures: Landscape (BGRA8)
[2016.07.17-19.47.38:590][488]LogTexture:Display: Building textures: Foliage (BGRA8)
[2016.07.17-19.47.38:633][488]LogTexture:Display: Building textures: CameraActor_64x (BGRA8)
[2016.07.17-19.47.38:651][488]LogTexture:Display: Building textures: BlueprintInterface_64x (BGRA8)
[2016.07.17-19.47.38:665][488]LogTexture:Display: Building textures: BlueprintMacroLibrary_64x (BGRA8)
[2016.07.17-19.47.38:913][488]LogTexture:Display: Building textures: IOS (BGRA8)
[2016.07.17-19.47.38:951][488]LogTexture:Display: Building textures: android_Icon (BGRA8)
[2016.07.17-19.47.38:971][488]LogTexture:Display: Building textures: Paper2DFlipbook_TutorialIcon (BGRA8)
[2016.07.17-19.49.06:467][957]LogUObjectHash:Warning: Ambiguous search, could be K2Node_VariableGet /Engine/Transient.K2Node_VariableGet_48 or K2Node_VariableGet /Game/trainermenu/NewBlueprint.NewBlueprint:EventGraph.K2Node_VariableGet_48
[2016.07.17-19.49.06:467][957]LogProperty:Warning: ObjectProperty /Script/Engine.EdGraphPin:LinkedTo.LinkedTo: unresolved reference to 'EdGraphPin'K2Node_VariableGet_48.EdGraphPin_31068''
[2016.07.17-19.50.03:406][335]Cmd: OBJ SAVEPACKAGE PACKAGE="/Game/trainermenu/NewBlueprint" FILE="../../../../../../Users/Sean/Documents/Unreal Projects/Minithulhutrainer/Content/trainermenu/NewBlueprint.uasset" SILENT=true
[2016.07.17-19.50.03:449][335]LogSavePackage: Save=24.77ms
[2016.07.17-19.50.03:449][335]LogSavePackage: Moving '../../../../../../Users/Sean/Documents/Unreal Projects/Minithulhutrainer/Saved/NewBlueprintB669FEAF4BDE3BB6DE2C479199658A5B.tmp' to '../../../../../../Users/Sean/Documents/Unreal Projects/Minithulhutrainer/Content/trainermenu/NewBlueprint.uasset'
[2016.07.17-19.50.03:451][335]LogSavePackage: Total save time: 44.31ms
[2016.07.17-19.50.03:451][335]LogSavePackage:Display: Finished SavePackage ../../../../../../Users/Sean/Documents/Unreal Projects/Minithulhutrainer/Content/trainermenu/NewBlueprint.uasset
[2016.07.17-19.50.04:626][438]Cmd: OBJ SAVEPACKAGE PACKAGE="/Game/trainermenu/NewBlueprint" FILE="../../../../../../Users/Sean/Documents/Unreal Projects/Minithulhutrainer/Content/trainermenu/NewBlueprint.uasset" SILENT=true
[2016.07.17-19.50.04:652][438]LogSavePackage: Save=23.99ms
[2016.07.17-19.50.04:652][438]LogSavePackage: Moving '../../../../../../Users/Sean/Documents/Unreal Projects/Minithulhutrainer/Saved/NewBlueprintB240F2F24ED58CC374670D809A1DA78D.tmp' to '../../../../../../Users/Sean/Documents/Unreal Projects/Minithulhutrainer/Content/trainermenu/NewBlueprint.uasset'
[2016.07.17-19.50.04:653][438]LogSavePackage: Total save time: 26.56ms
[2016.07.17-19.50.04:653][438]LogSavePackage:Display: Finished SavePackage ../../../../../../Users/Sean/Documents/Unreal Projects/Minithulhutrainer/Content/trainermenu/NewBlueprint.uasset
[2016.07.17-20.01.30:498][164]LogWindowsTextInputMethodSystem:Display: IME system now deactivated.
[2016.07.17-20.01.30:649][165]Cmd: QUIT_EDITOR
[2016.07.17-20.01.31:090][165]LogExit: Preparing to exit.
[2016.07.17-20.01.31:716][165]LogExit: Editor shut down
[2016.07.17-20.01.31:716][165]LogExit: Transaction tracking system shut down
[2016.07.17-20.01.31:830][165]LogObj: Freed 0b from 0 cluster array pools.
[2016.07.17-20.01.31:830][165]LogExit: Object subsystem successfully closed.
[2016.07.17-20.01.31:843][165]LogD3D11RHI: Shutdown
[2016.07.17-20.01.31:843][165]LogD3D11RHI: CleanupD3DDevice
[2016.07.17-20.01.31:973][165]LogD3D11RHI: ~FD3D11DynamicRHI
[2016.07.17-20.01.32:042][165]LogDerivedDataCache: Shutdown
[2016.07.17-20.01.32:043][165]LogModuleManager: Shutting down and abandoning module MovieSceneCapture (207)
[2016.07.17-20.01.32:043][165]LogModuleManager: Shutting down and abandoning module SequencerWidgets (206)
[2016.07.17-20.01.32:043][165]LogModuleManager: Shutting down and abandoning module BlueprintGraph (205)
[2016.07.17-20.01.32:043][165]LogModuleManager: Shutting down and abandoning module NewLevelDialog (204)
[2016.07.17-20.01.32:043][165]LogModuleManager: Shutting down and abandoning module HierarchicalLODOutliner (203)
[2016.07.17-20.01.32:043][165]LogModuleManager: Shutting down and abandoning module WidgetCarousel (202)
[2016.07.17-20.01.32:043][165]LogModuleManager: Shutting down and abandoning module AddContentDialog (201)
[2016.07.17-20.01.32:043][165]LogModuleManager: Shutting down and abandoning module GameplayTags (200)
[2016.07.17-20.01.32:043][165]LogModuleManager: Shutting down and abandoning module EditorWidgets (199)
[2016.07.17-20.01.32:043][165]LogModuleManager: Shutting down and abandoning module CollectionManager (198)
[2016.07.17-20.01.32:043][165]LogModuleManager: Shutting down and abandoning module CrashTracker (197)
[2016.07.17-20.01.32:043][165]LogModuleManager: Shutting down and abandoning module SuperSearch (196)
[2016.07.17-20.01.32:043][165]LogModuleManager: Shutting down and abandoning module StatsViewer (195)
[2016.07.17-20.01.32:044][165]LogModuleManager: Shutting down and abandoning module FoliageEdit (194)
[2016.07.17-20.01.32:044][165]LogModuleManager: Shutting down and abandoning module LandscapeEditor (193)
[2016.07.17-20.01.32:044][165]LogModuleManager: Shutting down and abandoning module ActorPickerMode (192)
[2016.07.17-20.01.32:044][165]LogModuleManager: Shutting down and abandoning module GeometryMode (191)
[2016.07.17-20.01.32:044][165]LogModuleManager: Shutting down and abandoning module TextureAlignMode (190)
[2016.07.17-20.01.32:044][165]LogModuleManager: Shutting down and abandoning module BspMode (189)
[2016.07.17-20.01.32:044][165]LogModuleManager: Shutting down and abandoning module PlacementMode (188)
[2016.07.17-20.01.32:044][165]LogModuleManager: Shutting down and abandoning module AutomationWorker (187)
[2016.07.17-20.01.32:044][165]LogModuleManager: Shutting down and abandoning module CharacterAI (186)
[2016.07.17-20.01.32:044][165]LogModuleManager: Shutting down and abandoning module SmartSnapping (185)
[2016.07.17-20.01.32:044][165]LogModuleManager: Shutting down and abandoning module ViewportSnapping (184)
[2016.07.17-20.01.32:044][165]LogModuleManager: Shutting down and abandoning module LogVisualizer (183)
[2016.07.17-20.01.32:044][165]LogModuleManager: Shutting down and abandoning module GameProjectGeneration (182)
[2016.07.17-20.01.32:044][165]LogModuleManager: Shutting down and abandoning module IntroTutorials (181)
[2016.07.17-20.01.32:044][165]LogModuleManager: Shutting down and abandoning module EditorLiveStreaming (180)
[2016.07.17-20.01.32:044][165]LogModuleManager: Shutting down and abandoning module IOSPlatformEditor (179)
[2016.07.17-20.01.32:044][165]LogModuleManager: Shutting down and abandoning module HTML5PlatformEditor (178)
[2016.07.17-20.01.32:044][165]LogModuleManager: Shutting down and abandoning module AndroidDeviceDetection (177)
[2016.07.17-20.01.32:383][165]LogModuleManager: Shutting down and abandoning module AndroidPlatformEditor (176)
[2016.07.17-20.01.32:383][165]LogModuleManager: Shutting down and abandoning module IOSRuntimeSettings (175)
[2016.07.17-20.01.32:383][165]LogModuleManager: Shutting down and abandoning module AndroidRuntimeSettings (174)
[2016.07.17-20.01.32:383][165]LogModuleManager: Shutting down and abandoning module MergeActors (173)
[2016.07.17-20.01.32:383][165]LogModuleManager: Shutting down and abandoning module SizeMap (172)
[2016.07.17-20.01.32:383][165]LogModuleManager: Shutting down and abandoning module TreeMap (171)
[2016.07.17-20.01.32:383][165]LogModuleManager: Shutting down and abandoning module ReferenceViewer (170)
[2016.07.17-20.01.32:383][165]LogModuleManager: Shutting down and abandoning module LocalizationService (169)
[2016.07.17-20.01.32:383][165]LogModuleManager: Shutting down and abandoning module LocalizationDashboard (168)
[2016.07.17-20.01.32:383][165]LogModuleManager: Shutting down and abandoning module HardwareTargeting (167)
[2016.07.17-20.01.32:383][165]LogModuleManager: Shutting down and abandoning module DeviceProfileEditor (166)
[2016.07.17-20.01.32:383][165]LogModuleManager: Shutting down and abandoning module UndoHistory (165)
[2016.07.17-20.01.32:383][165]LogModuleManager: Shutting down and abandoning module UserFeedback (164)
[2016.07.17-20.01.32:383][165]LogModuleManager: Shutting down and abandoning module XmlParser (163)
[2016.07.17-20.01.32:383][165]LogModuleManager: Shutting down and abandoning module Blutility (162)
[2016.07.17-20.01.32:383][165]LogModuleManager: Shutting down and abandoning module ProjectTargetPlatformEditor (161)
[2016.07.17-20.01.32:383][165]LogModuleManager: Shutting down and abandoning module ProjectSettingsViewer (160)
[2016.07.17-20.01.32:383][165]LogModuleManager: Shutting down and abandoning module InputBindingEditor (159)
[2016.07.17-20.01.32:383][165]LogModuleManager: Shutting down and abandoning module EditorSettingsViewer (158)
[2016.07.17-20.01.32:383][165]LogModuleManager: Shutting down and abandoning module SettingsEditor (157)
[2016.07.17-20.01.32:383][165]LogModuleManager: Shutting down and abandoning module ProjectLauncher (156)
[2016.07.17-20.01.32:383][165]LogModuleManager: Shutting down and abandoning module SessionFrontend (155)
[2016.07.17-20.01.32:383][165]LogModuleManager: Shutting down and abandoning module ProfilerClient (154)
[2016.07.17-20.01.32:383][165]LogModuleManager: Shutting down and abandoning module TargetDeviceServices (153)
[2016.07.17-20.01.32:383][165]LogModuleManager: Shutting down and abandoning module DeviceManager (152)
[2016.07.17-20.01.32:427][165]LogModuleManager: Shutting down and abandoning module AutomationController (151)
[2016.07.17-20.01.32:427][165]LogModuleManager: Shutting down and abandoning module AutomationWindow (150)
[2016.07.17-20.01.32:427][165]LogModuleManager: Shutting down and abandoning module Layers (149)
[2016.07.17-20.01.32:427][165]LogModuleManager: Shutting down and abandoning module ComponentVisualizers (148)
[2016.07.17-20.01.32:427][165]LogModuleManager: Shutting down and abandoning module DetailCustomizations (147)
[2016.07.17-20.01.32:427][165]LogModuleManager: Shutting down and abandoning module PackagesDialog (146)
[2016.07.17-20.01.32:427][165]LogModuleManager: Shutting down and abandoning module Persona (145)
[2016.07.17-20.01.32:427][165]LogModuleManager: Shutting down and abandoning module Kismet (144)
[2016.07.17-20.01.32:427][165]LogModuleManager: Shutting down and abandoning module GraphEditor (143)
[2016.07.17-20.01.32:427][165]LogModuleManager: Shutting down and abandoning module ClassViewer (142)
[2016.07.17-20.01.32:428][165]LogModuleManager: Shutting down and abandoning module Toolbox (141)
[2016.07.17-20.01.32:428][165]LogModuleManager: Shutting down and abandoning module ModuleUI (140)
[2016.07.17-20.01.32:428][165]LogModuleManager: Shutting down and abandoning module MovieSceneTools (139)
[2016.07.17-20.01.32:428][165]LogModuleManager: Shutting down and abandoning module OutputLog (138)
[2016.07.17-20.01.32:428][165]LogModuleManager: Shutting down and abandoning module GammaUI (137)
[2016.07.17-20.01.32:428][165]LogModuleManager: Shutting down and abandoning module Documentation (136)
[2016.07.17-20.01.32:428][165]LogModuleManager: Shutting down and abandoning module StreamingPauseRendering (135)
[2016.07.17-20.01.32:428][165]LogModuleManager: Shutting down and abandoning module AnalyticsET (134)
[2016.07.17-20.01.32:428][165]LogModuleManager: Shutting down and abandoning module Analytics (133)
[2016.07.17-20.01.32:428][165]LogModuleManager: Shutting down and abandoning module PortalServices (132)
[2016.07.17-20.01.32:428][165]LogModuleManager: Shutting down and abandoning module PortalRpc (131)
[2016.07.17-20.01.32:428][165]LogModuleManager: Shutting down and abandoning module MessagingRpc (130)
[2016.07.17-20.01.32:428][165]LogModuleManager: Shutting down and abandoning module AITestSuite (129)
[2016.07.17-20.01.32:428][165]LogModuleManager: Shutting down and abandoning module GameplayDebugger (128)
[2016.07.17-20.01.32:428][165]LogModuleManager: Shutting down and abandoning module AIModule (127)
[2016.07.17-20.01.32:428][165]LogModuleManager: Shutting down and abandoning module ProfilerService (126)
[2016.07.17-20.01.32:653][165]LogModuleManager: Shutting down and abandoning module TaskGraph (125)
[2016.07.17-20.01.32:653][165]LogModuleManager: Shutting down and abandoning module SlateRemote (124)
[2016.07.17-20.01.32:653][165]LogModuleManager: Shutting down and abandoning module SteamVRController (123)
[2016.07.17-20.01.32:653][165]LogModuleManager: Shutting down and abandoning module SteamVR (122)
[2016.07.17-20.01.32:653][165]LogModuleManager: Shutting down and abandoning module ProceduralMeshComponent (121)
[2016.07.17-20.01.32:653][165]LogModuleManager: Shutting down and abandoning module OculusLibrary (120)
[2016.07.17-20.01.32:653][165]LogModuleManager: Shutting down and abandoning module OculusInput (119)
[2016.07.17-20.01.32:653][165]LogModuleManager: Shutting down and abandoning module CustomMeshComponent (118)
[2016.07.17-20.01.32:653][165]LogModuleManager: Shutting down and abandoning module CableComponent (117)
[2016.07.17-20.01.32:653][165]LogModuleManager: Shutting down and abandoning module ArchVisCharacter (116)
[2016.07.17-20.01.32:653][165]LogModuleManager: Shutting down and abandoning module MediaPlayerEditor (115)
[2016.07.17-20.01.32:653][165]LogModuleManager: Shutting down and abandoning module HTML5Networking (114)
[2016.07.17-20.01.32:653][165]LogModuleManager: Shutting down and abandoning module SpeedTreeImporter (113)
[2016.07.17-20.01.32:653][165]LogModuleManager: Shutting down and abandoning module PluginBrowser (112)
[2016.07.17-20.01.32:653][165]LogModuleManager: Shutting down and abandoning module EpicSurvey (111)
[2016.07.17-20.01.32:653][165]LogModuleManager: Shutting down and abandoning module DesktopPlatform (110)
[2016.07.17-20.01.32:653][165]LogModuleManager: Shutting down and abandoning module VisualStudioSourceCodeAccess (109)
[2016.07.17-20.01.32:653][165]LogModuleManager: Shutting down and abandoning module UObjectPlugin (108)
[2016.07.17-20.01.32:653][165]LogModuleManager: Shutting down and abandoning module SubversionSourceControl (107)
[2016.07.17-20.01.32:653][165]LogModuleManager: Shutting down and abandoning module PerforceSourceControl (106)
[2016.07.17-20.01.32:653][165]LogModuleManager: Shutting down and abandoning module SourceControl (105)
[2016.07.17-20.01.32:653][165]LogModuleManager: Shutting down and abandoning module GitSourceControl (104)
[2016.07.17-20.01.32:653][165]LogModuleManager: Shutting down and abandoning module LightPropagationVolumeEditor (103)
[2016.07.17-20.01.32:653][165]LogModuleManager: Shutting down and abandoning module PaperTiledImporter (102)
[2016.07.17-20.01.32:653][165]LogModuleManager: Shutting down and abandoning module PaperSpriteSheetImporter (101)
[2016.07.17-20.01.32:653][165]LogModuleManager: Shutting down and abandoning module MeshPaint (100)
[2016.07.17-20.01.32:653][165]LogModuleManager: Shutting down and abandoning module HotReload (99)
[2016.07.17-20.01.32:653][165]LogModuleManager: Shutting down and abandoning module MainFrame (98)
[2016.07.17-20.01.32:653][165]LogModuleManager: Shutting down and abandoning module LevelEditor (97)
[2016.07.17-20.01.32:654][165]LogModuleManager: Shutting down and abandoning module DirectoryWatcher (96)
[2016.07.17-20.01.32:654][165]LogModuleManager: Shutting down and abandoning module AssetRegistry (95)
[2016.07.17-20.01.32:802][165]LogModuleManager: Shutting down and abandoning module ContentBrowser (94)
[2016.07.17-20.01.32:803][165]LogModuleManager: Shutting down and abandoning module Paper2DEditor (93)
[2016.07.17-20.01.32:803][165]LogModuleManager: Shutting down and abandoning module UdpMessaging (92)
[2016.07.17-20.01.32:904][165]LogModuleManager: Shutting down and abandoning module LightPropagationVolumeRuntime (91)
[2016.07.17-20.01.32:904][165]LogModuleManager: Shutting down and abandoning module Paper2D (90)
[2016.07.17-20.01.32:904][165]LogModuleManager: Shutting down and abandoning module WindowsMoviePlayer (89)
[2016.07.17-20.01.32:904][165]LogModuleManager: Shutting down and abandoning module Media (88)
[2016.07.17-20.01.32:904][165]LogModuleManager: Shutting down and abandoning module WmfMedia (87)
[2016.07.17-20.01.32:904][165]LogModuleManager: Shutting down and abandoning module MediaAssets (86)
[2016.07.17-20.01.32:904][165]LogModuleManager: Shutting down and abandoning module GameLiveStreaming (85)
[2016.07.17-20.01.32:904][165]LogModuleManager: Shutting down and abandoning module GameplayTagsEditor (84)
[2016.07.17-20.01.32:904][165]LogModuleManager: Shutting down and abandoning module OnlineBlueprintSupport (83)
[2016.07.17-20.01.32:904][165]LogModuleManager: Shutting down and abandoning module GameplayTasksEditor (82)
[2016.07.17-20.01.32:904][165]LogModuleManager: Shutting down and abandoning module PropertyEditor (81)
[2016.07.17-20.01.32:904][165]LogModuleManager: Shutting down and abandoning module BehaviorTreeEditor (80)
[2016.07.17-20.01.32:904][165]LogModuleManager: Shutting down and abandoning module FunctionalTesting (79)
[2016.07.17-20.01.32:904][165]LogModuleManager: Shutting down and abandoning module CollisionAnalyzer (78)
[2016.07.17-20.01.32:904][165]LogModuleManager: Shutting down and abandoning module WorkspaceMenuStructure (77)
[2016.07.17-20.01.32:904][165]LogModuleManager: Shutting down and abandoning module MessageLog (76)
[2016.07.17-20.01.32:904][165]LogModuleManager: Shutting down and abandoning module Sequencer (75)
[2016.07.17-20.01.32:904][165]LogModuleManager: Shutting down and abandoning module AssetTools (74)
[2016.07.17-20.01.32:904][165]LogModuleManager: Shutting down and abandoning module UMGEditor (73)
[2016.07.17-20.01.32:904][165]LogModuleManager: Shutting down and abandoning module UMG (72)
[2016.07.17-20.01.32:904][165]LogModuleManager: Shutting down and abandoning module SlateReflector (71)
[2016.07.17-20.01.32:904][165]LogModuleManager: Shutting down and abandoning module Slate (70)
[2016.07.17-20.01.32:904][165]LogModuleManager: Shutting down and abandoning module EditorStyle (69)
[2016.07.17-20.01.32:906][165]LogModuleManager: Shutting down and abandoning module SessionServices (68)
[2016.07.17-20.01.32:906][165]LogModuleManager: Shutting down and abandoning module SourceCodeAccess (67)
[2016.07.17-20.01.32:906][165]LogModuleManager: Shutting down and abandoning module HeadMountedDisplay (66)
[2016.07.17-20.01.32:906][165]LogModuleManager: Shutting down and abandoning module XAudio2 (65)
[2016.07.17-20.01.32:906][165]LogModuleManager: Shutting down and abandoning module Networking (63)
[2016.07.17-20.01.32:906][165]LogModuleManager: Shutting down and abandoning module Core (62)
[2016.07.17-20.01.32:906][165]LogModuleManager: Shutting down and abandoning module KismetCompiler (61)
[2016.07.17-20.01.32:906][165]LogModuleManager: Shutting down and abandoning module PhysXFormats (60)
[2016.07.17-20.01.32:906][165]LogModuleManager: Shutting down and abandoning module MeshUtilities (59)
[2016.07.17-20.01.32:906][165]LogModuleManager: Shutting down and abandoning module CookingStats (58)
[2016.07.17-20.01.32:906][165]LogModuleManager: Shutting down and abandoning module DerivedDataCache (57)
[2016.07.17-20.01.32:906][165]LogDerivedDataCache: Shutdown
[2016.07.17-20.01.32:906][165]LogModuleManager: Shutting down and abandoning module ShaderFormatOpenGL (56)
[2016.07.17-20.01.32:906][165]LogModuleManager: Shutting down and abandoning module ShaderFormatD3D (55)
[2016.07.17-20.01.32:906][165]LogModuleManager: Shutting down and abandoning module MetalShaderFormat (54)
[2016.07.17-20.01.32:906][165]LogModuleManager: Shutting down and abandoning module TextureFormatUncompressed (53)
[2016.07.17-20.01.32:906][165]LogModuleManager: Shutting down and abandoning module TextureFormatPVR (52)
[2016.07.17-20.01.32:906][165]LogModuleManager: Shutting down and abandoning module TextureFormatIntelISPCTexComp (51)
[2016.07.17-20.01.32:906][165]LogModuleManager: Shutting down and abandoning module TextureFormatDXT (50)
[2016.07.17-20.01.32:906][165]LogModuleManager: Shutting down and abandoning module ImageWrapper (49)
[2016.07.17-20.01.32:906][165]LogModuleManager: Shutting down and abandoning module TextureFormatASTC (48)
[2016.07.17-20.01.32:906][165]LogModuleManager: Shutting down and abandoning module TextureFormatAndroid (47)
[2016.07.17-20.01.32:906][165]LogModuleManager: Shutting down and abandoning module AudioFormatOpus (46)
[2016.07.17-20.01.32:906][165]LogModuleManager: Shutting down and abandoning module AudioFormatOgg (45)
[2016.07.17-20.01.32:906][165]LogModuleManager: Shutting down and abandoning module AudioFormatADPCM (44)
[2016.07.17-20.01.32:906][165]LogModuleManager: Shutting down and abandoning module LinuxTargetPlatform (43)
[2016.07.17-20.01.32:906][165]LogModuleManager: Shutting down and abandoning module LinuxServerTargetPlatform (42)
[2016.07.17-20.01.32:906][165]LogModuleManager: Shutting down and abandoning module LinuxNoEditorTargetPlatform (41)
[2016.07.17-20.01.32:906][165]LogModuleManager: Shutting down and abandoning module TVOSTargetPlatform (40)
[2016.07.17-20.01.32:906][165]LogModuleManager: Shutting down and abandoning module Messaging (39)
[2016.07.17-20.01.32:906][165]LogModuleManager: Shutting down and abandoning module IOSTargetPlatform (38)
[2016.07.17-20.01.32:906][165]LogModuleManager: Shutting down and abandoning module HTML5TargetPlatform (37)
[2016.07.17-20.01.32:906][165]LogModuleManager: Shutting down and abandoning module Android_PVRTCTargetPlatform (36)
[2016.07.17-20.01.32:906][165]LogModuleManager: Shutting down and abandoning module Android_MultiTargetPlatform (35)
[2016.07.17-20.01.32:906][165]LogModuleManager: Shutting down and abandoning module Android_ETC2TargetPlatform (34)
[2016.07.17-20.01.32:906][165]LogModuleManager: Shutting down and abandoning module Android_ETC1TargetPlatform (33)
[2016.07.17-20.01.32:906][165]LogModuleManager: Shutting down and abandoning module Android_DXTTargetPlatform (32)
[2016.07.17-20.01.32:906][165]LogModuleManager: Shutting down and abandoning module Android_ATCTargetPlatform (31)
[2016.07.17-20.01.32:906][165]LogModuleManager: Shutting down and abandoning module Android_ASTCTargetPlatform (30)
[2016.07.17-20.01.32:906][165]LogModuleManager: Shutting down and abandoning module AndroidTargetPlatform (29)
[2016.07.17-20.01.32:906][165]LogModuleManager: Shutting down and abandoning module WindowsTargetPlatform (28)
[2016.07.17-20.01.32:906][165]LogModuleManager: Shutting down and abandoning module WindowsServerTargetPlatform (27)
[2016.07.17-20.01.32:906][165]LogModuleManager: Shutting down and abandoning module WindowsNoEditorTargetPlatform (26)
[2016.07.17-20.01.32:906][165]LogModuleManager: Shutting down and abandoning module WindowsClientTargetPlatform (25)
[2016.07.17-20.01.32:906][165]LogModuleManager: Shutting down and abandoning module AllDesktopTargetPlatform (24)
[2016.07.17-20.01.32:906][165]LogModuleManager: Shutting down and abandoning module TargetPlatform (23)
[2016.07.17-20.01.32:906][165]LogModuleManager: Shutting down and abandoning module InputCore (22)
[2016.07.17-20.01.32:906][165]LogModuleManager: Shutting down and abandoning module Settings (21)
[2016.07.17-20.01.32:906][165]LogModuleManager: Shutting down and abandoning module OnlineSubsystem (19)
[2016.07.17-20.01.32:906][165]LogModuleManager: Shutting down and abandoning module HTTP (18)
[2016.07.17-20.01.33:908][165]LogModuleManager: Shutting down and abandoning module XMPP (17)
[2016.07.17-20.01.33:908][165]LogModuleManager: Shutting down and abandoning module OculusRift (16)
[2016.07.17-20.01.33:908][165]LogModuleManager: Shutting down and abandoning module ExampleDeviceProfileSelector (15)
[2016.07.17-20.01.33:908][165]LogModuleManager: Shutting down and abandoning module TextureCompressor (14)
[2016.07.17-20.01.33:908][165]LogModuleManager: Shutting down and abandoning module ShaderCore (13)
[2016.07.17-20.01.33:908][165]LogModuleManager: Shutting down and abandoning module Landscape (12)
[2016.07.17-20.01.33:908][165]LogModuleManager: Shutting down and abandoning module SlateRHIRenderer (11)
[2016.07.17-20.01.33:909][165]LogModuleManager: Shutting down and abandoning module OpenGLDrv (10)
[2016.07.17-20.01.33:909][165]LogModuleManager: Shutting down and abandoning module D3D11RHI (9)
[2016.07.17-20.01.33:909][165]LogModuleManager: Shutting down and abandoning module AnimGraphRuntime (8)
[2016.07.17-20.01.33:909][165]LogModuleManager: Shutting down and abandoning module Renderer (7)
[2016.07.17-20.01.33:909][165]LogModuleManager: Shutting down and abandoning module Engine (6)
[2016.07.17-20.01.33:909][165]LogModuleManager: Shutting down and abandoning module CoreUObject (5)
[2016.07.17-20.01.33:909][165]LogModuleManager: Shutting down and abandoning module NetworkFile (4)
[2016.07.17-20.01.33:909][165]LogModuleManager: Shutting down and abandoning module StreamingFile (3)
[2016.07.17-20.01.33:910][165]LogModuleManager: Shutting down and abandoning module SandboxFile (2)
[2016.07.17-20.01.33:910][165]LogModuleManager: Shutting down and abandoning module PakFile (1)
[2016.07.17-20.01.33:910][165]LogExit: Exiting.
[2016.07.17-20.01.33:918][165]Log file closed, 07/17/16 13:01:33
