Log file open, 07/17/16 18:49:29
LogInit:Display: Running engine for game: Minithulhutrainer
LogPlatformFile: Not using cached read wrapper
LogInit:Display: RandInit(1336594004) SRandInit(1336594005).
LogTaskGraph: Started task graph with 4 named threads and 7 total threads.
LogStats: Stats thread started at 0.073487
LogInit: Version: 4.11.2-2946394+++UE4+Release-4.11
LogInit: API Version: 2927265
LogInit: Compiled (64-bit): Apr 18 2016 02:18:46
LogInit: Compiled with Visual C++: 19.00.23026.00
LogInit: Build Configuration: Development
LogInit: Branch Name: ++UE4+Release-4.11
LogInit: Command line: -EpicPortal 
LogInit: Base directory: C:/Program Files (x86)/Epic Games/4.11/Engine/Binaries/Win64/
LogInit: Installed Engine Build: 1
LogInit: Using libcurl 7.41.0
LogInit:  - built for x86_64-pc-win32
LogInit:  - supports SSL with WinSSL
LogInit:  - other features:
LogInit:      CURL_VERSION_SSL
LogInit:      CURL_VERSION_IPV6
LogInit:      CURL_VERSION_ASYNCHDNS
LogInit:      CURL_VERSION_LARGEFILE
LogInit:      CURL_VERSION_IDN
LogInit:  CurlRequestOptions (configurable via config and command line):
LogInit:  - bVerifyPeer = true  - Libcurl will verify peer certificate
LogInit:  - bUseHttpProxy = false  - Libcurl will NOT use HTTP proxy
LogInit:  - bDontReuseConnections = false  - Libcurl will reuse connections
LogInit:  - CertBundlePath = nullptr  - Libcurl will use whatever was configured at build time.
LogInit: Presizing for max 16777216 objects, including 0 objects not considered by GC, pre-allocating 0 bytes for permanent pool.
LogInit: Object subsystem initialized
[2016.07.18-01.49.29:242][  0]LogInit: Selected Device Profile: [Windows]
[2016.07.18-01.49.29:242][  0]LogInit: Applying CVar settings loaded from the selected device profile: [Windows]
[2016.07.18-01.49.29:247][  0]LogInit: Computer: BETANCORE
[2016.07.18-01.49.29:247][  0]LogInit: User: Sean
[2016.07.18-01.49.29:247][  0]LogInit: CPU Page size=65536, Cores=4
[2016.07.18-01.49.29:247][  0]LogInit: High frequency timer resolution =3.906247 MHz
[2016.07.18-01.49.29:247][  0]LogMemory: Memory total: Physical=15.9GB (16GB approx)
[2016.07.18-01.49.29:247][  0]LogMemory: Platform Memory Stats for Windows
[2016.07.18-01.49.29:247][  0]LogMemory: Process Physical Memory: 313.42 MB used, 313.42 MB peak
[2016.07.18-01.49.29:247][  0]LogMemory: Process Virtual Memory: 314.88 MB used, 314.88 MB peak
[2016.07.18-01.49.29:247][  0]LogMemory: Physical Memory: 6461.01 MB used, 16324.07 MB total
[2016.07.18-01.49.29:247][  0]LogMemory: Virtual Memory: 653.23 MB used, 134217728.00 MB total
[2016.07.18-01.49.29:278][  0]LogTextLocalizationManager: No specific translations for ('en-US') exist, so ('en') translations will be used.
[2016.07.18-01.49.29:585][  0]LogD3D11RHI: D3D11 adapters:
[2016.07.18-01.49.29:595][  0]LogD3D11RHI:    0. 'AMD Radeon (TM) R7 360 Series' (Feature Level 11_0)
[2016.07.18-01.49.29:595][  0]LogD3D11RHI:       2026MB of dedicated video memory, 0MB of dedicated system memory, and 8162MB of shared system memory, 2 output[s]
[2016.07.18-01.49.29:597][  0]LogD3D11RHI:    1. 'Microsoft Basic Render Driver' (Feature Level 11_0)
[2016.07.18-01.49.29:597][  0]LogD3D11RHI:       0MB of dedicated video memory, 0MB of dedicated system memory, and 8162MB of shared system memory, 0 output[s]
[2016.07.18-01.49.29:597][  0]LogD3D11RHI: Chosen D3D11 Adapter: 0
[2016.07.18-01.49.29:599][  0]LogD3D11RHI: Creating new Direct3DDevice
[2016.07.18-01.49.29:599][  0]LogD3D11RHI:     Adapter Name: AMD Radeon (TM) R7 360 Series
[2016.07.18-01.49.29:599][  0]LogD3D11RHI:   Driver Version: Catalyst 15.8 (internal 16.150.2211.0)
[2016.07.18-01.49.29:599][  0]LogD3D11RHI:      Driver Date: 3-21-2016
[2016.07.18-01.49.29:599][  0]LogRHI: Texture pool is 1361 MB (70% of 1945 MB)
[2016.07.18-01.49.29:604][  0]LogD3D11RHI: Async texture creation disabled: no driver support
[2016.07.18-01.49.29:614][  0]LogShaderCompilers: Guid format shader working directory is -27 characters bigger than the processId version (../../../../../../Users/Sean/Documents/Unreal Projects/Minithulhutrainer/Intermediate/Shaders/WorkingDirectory/9872/).
[2016.07.18-01.49.29:615][  0]LogShaderCompilers: Cleaned the shader compiler working directory 'C:/Users/Sean/AppData/Local/Temp/UnrealShaderWorkingDir/50B9C41C4879F97905892197D94BC568/'.
[2016.07.18-01.49.29:615][  0]LogShaderCompilers:Display: Using Local Shader Compiler.
[2016.07.18-01.49.30:435][  0]LogTemp:Display: Loaded TP AllDesktopTargetPlatform
[2016.07.18-01.49.30:440][  0]LogTemp:Display: Loaded TP WindowsClientTargetPlatform
[2016.07.18-01.49.30:446][  0]LogTemp:Display: Loaded TP WindowsNoEditorTargetPlatform
[2016.07.18-01.49.30:451][  0]LogTemp:Display: Loaded TP WindowsServerTargetPlatform
[2016.07.18-01.49.30:456][  0]LogTemp:Display: Loaded TP WindowsTargetPlatform
[2016.07.18-01.49.30:459][  0]LogTemp:Display: Loaded TP AndroidTargetPlatform
[2016.07.18-01.49.30:462][  0]LogTemp:Display: Loaded TP Android_ASTCTargetPlatform
[2016.07.18-01.49.30:464][  0]LogTemp:Display: Loaded TP Android_ATCTargetPlatform
[2016.07.18-01.49.30:467][  0]LogTemp:Display: Loaded TP Android_DXTTargetPlatform
[2016.07.18-01.49.30:470][  0]LogTemp:Display: Loaded TP Android_ETC1TargetPlatform
[2016.07.18-01.49.30:473][  0]LogTemp:Display: Loaded TP Android_ETC2TargetPlatform
[2016.07.18-01.49.30:479][  0]LogTemp:Display: Loaded TP Android_MultiTargetPlatform
[2016.07.18-01.49.30:479][  0]LogTemp:Display: Loaded TP Android_PVRTCTargetPlatform
[2016.07.18-01.49.30:479][  0]LogTemp:Display: Loaded TP HTML5TargetPlatform
[2016.07.18-01.49.30:496][  0]LogTemp:Display: Loaded TP IOSTargetPlatform
[2016.07.18-01.49.30:498][  0]LogTemp:Display: Loaded TP TVOSTargetPlatform
[2016.07.18-01.49.30:501][  0]LogTemp:Display: Loaded TP LinuxNoEditorTargetPlatform
[2016.07.18-01.49.30:503][  0]LogTemp:Display: Loaded TP LinuxServerTargetPlatform
[2016.07.18-01.49.30:506][  0]LogTemp:Display: Loaded TP LinuxTargetPlatform
[2016.07.18-01.49.30:506][  0]LogTargetPlatformManager:Display: Building Assets For Windows
[2016.07.18-01.49.30:593][  0]LogDerivedDataCache:Display: Max Cache Size: 512 MB
[2016.07.18-01.49.30:629][  0]LogDerivedDataCache: Loaded boot cache 0.04s 46MB C:/Users/Sean/AppData/Local/UnrealEngine/4.11/DerivedDataCache/Boot.ddc.
[2016.07.18-01.49.30:629][  0]LogDerivedDataCache:Display: Loaded Boot cache: C:/Users/Sean/AppData/Local/UnrealEngine/4.11/DerivedDataCache/Boot.ddc
[2016.07.18-01.49.30:629][  0]LogDerivedDataCache: FDerivedDataBackendGraph:  Pak pak cache file ../../../../../../Users/Sean/Documents/Unreal Projects/Minithulhutrainer/DerivedDataCache/DDC.ddp not found, will not use a pak cache.
[2016.07.18-01.49.30:629][  0]LogDerivedDataCache: Unable to find inner node Pak for hierarchical cache Hierarchy.
[2016.07.18-01.49.30:629][  0]LogDerivedDataCache: FDerivedDataBackendGraph:  CompressedPak pak cache file ../../../../../../Users/Sean/Documents/Unreal Projects/Minithulhutrainer/DerivedDataCache/Compressed.ddp not found, will not use a pak cache.
[2016.07.18-01.49.30:629][  0]LogDerivedDataCache: Unable to find inner node CompressedPak for hierarchical cache Hierarchy.
[2016.07.18-01.49.30:640][  0]LogDerivedDataCache:Display: Pak cache opened for reading ../../../Engine/DerivedDataCache/Compressed.ddp.
[2016.07.18-01.49.30:652][  0]LogDerivedDataCache: Using Local data cache path C:/Users/Sean/AppData/Local/UnrealEngine/Common/DerivedDataCache: Writable
[2016.07.18-01.49.30:788][  0]LogInit: Selected Device Profile: [Windows]
[2016.07.18-01.49.30:788][  0]LogContentStreaming: Texture pool size is 0.00 MB
[2016.07.18-01.49.30:817][  0]LogMaterial: Uniform references updated for custom material expression Custom.
[2016.07.18-01.49.30:916][  0]LogMeshUtilities: No automatic mesh reduction module available
[2016.07.18-01.49.30:916][  0]LogMeshUtilities: No automatic mesh merging module available
[2016.07.18-01.49.30:916][  0]LogMeshUtilities: No distributed automatic mesh merging module available
[2016.07.18-01.49.31:123][  0]LogUObjectArray: 27679 objects as part of root set at end of initial load.
[2016.07.18-01.49.31:123][  0]LogUObjectAllocator: 5591600 out of 0 bytes used by permanent object pool.
[2016.07.18-01.49.31:123][  0]LogUObjectArray: CloseDisregardForGC: 0/0 objects in disregard for GC pool
[2016.07.18-01.49.31:132][  0]LogInit: WinSock: version 1.1 (2.2), MaxSocks=32767, MaxUdp=65467
[2016.07.18-01.49.31:227][  0]LogSlate: SlateFontCache - WITH_FREETYPE: 1, WITH_HARFBUZZ: 1
[2016.07.18-01.49.31:227][  0]LogSlate: SlateFontCache - WITH_FREETYPE: 1, WITH_HARFBUZZ: 1
[2016.07.18-01.49.31:347][  0]LogStreaming:Warning: Failed to read file '../../../Engine/Content/Editor/Slate/Common/Selection_16x.png' error.
[2016.07.18-01.49.31:347][  0]LogSlate: Could not find file for Slate resource: ../../../Engine/Content/Editor/Slate/Common/Selection_16x.png
[2016.07.18-01.49.31:347][  0]LogStreaming:Warning: Failed to read file '../../../Engine/Content/Editor/Slate/Common/Selection_16x.png' error.
[2016.07.18-01.49.31:347][  0]LogSlate: Could not find file for Slate resource: ../../../Engine/Content/Editor/Slate/Common/Selection_16x.png
[2016.07.18-01.49.31:347][  0]LogStreaming:Warning: Failed to read file '../../../Engine/Content/Editor/Slate/Common/Selection_16x.png' error.
[2016.07.18-01.49.31:347][  0]LogSlate: Could not find file for Slate resource: ../../../Engine/Content/Editor/Slate/Common/Selection_16x.png
[2016.07.18-01.49.31:944][  0]LogUdpMessaging: Initializing bridge on interface 0.0.0.0:0 to multicast group 230.0.0.1:6666.
[2016.07.18-01.49.32:050][  0]LogAssetRegistry: FAssetRegistry took 0.0210 seconds to start up
[2016.07.18-01.49.32:186][  0]SourceControl: Info Source control is disabled
[2016.07.18-01.49.32:187][  0]SourceControl: Info Source control is disabled
[2016.07.18-01.49.32:201][  0]SourceControl: Info Source control is disabled
[2016.07.18-01.49.32:211][  0]SourceControl: Info Source control is disabled
[2016.07.18-01.49.32:367][  0]LogHMD: Failed to initialize OpenVR with code 110
[2016.07.18-01.49.32:438][  0]LogEngine: Initializing Engine...
[2016.07.18-01.49.32:564][  0]LogAIModule: Creating AISystem for world NewWorld
[2016.07.18-01.49.32:578][  0]LogInit: XAudio2 using 'Speakers (Realtek High Definition Audio)' : 2 channels at 48 kHz using 32 bits per sample (channel mask 0x3)
[2016.07.18-01.49.32:586][  0]LogInit: FAudioDevice initialized.
[2016.07.18-01.49.32:605][  0]LogDerivedDataCache: Saved boot cache 0.02s 46MB C:/Users/Sean/AppData/Local/UnrealEngine/4.11/DerivedDataCache/Boot.ddc.
[2016.07.18-01.49.32:608][  0]LogInit: Texture streaming: Enabled
[2016.07.18-01.49.32:632][  0]LogInit: Transaction tracking system initialized
[2016.07.18-01.49.32:660][  0]BlueprintLog: New page: Editor Load
[2016.07.18-01.49.32:745][  0]LocalizationService: Info Localization service is disabled
[2016.07.18-01.49.32:826][  0]LogConsoleResponse:Display: 
[2016.07.18-01.49.32:913][  0]LogCook:Display: Max memory allowance for cook 8192mb
[2016.07.18-01.49.32:913][  0]LogCook:Display: Mobile HDR setting 1
[2016.07.18-01.49.32:913][  0]LogCook:Display: Done creating registry. It took  0.00s.
[2016.07.18-01.49.32:974][  0]LogFileCache: Scanning file cache for directory 'C:/Users/Sean/Documents/Unreal Projects/Minithulhutrainer/Content/' took 0.01s
[2016.07.18-01.49.32:974][  0]SourceControl: Info Source control is disabled
[2016.07.18-01.49.32:974][  0]Cmd: MAP LOAD FILE="../../../../../../Users/Sean/Documents/Unreal Projects/Minithulhutrainer/Content/ThirdPersonBP/Maps/ThirdPersonExampleMap.umap" TEMPLATE=0 SHOWPROGRESS=1 FEATURELEVEL=3
[2016.07.18-01.49.32:974][  0]LightingResults: New page: Lighting Build
[2016.07.18-01.49.32:978][  0]MapCheck: New page: Map Check
[2016.07.18-01.49.32:978][  0]LightingResults: New page: Lighting Build
[2016.07.18-01.49.33:280][  0]LogAIModule: Creating AISystem for world ThirdPersonExampleMap
[2016.07.18-01.49.33:285][  0]LogEditorServer: Finished looking for orphan Actors (0.000 secs)
[2016.07.18-01.49.33:286][  0]Cmd: MAP CHECKDEP NOCLEARLOG
[2016.07.18-01.49.33:360][  0]MapCheck: Info Map check complete: 0 Error(s), 0 Warning(s), took 74.562ms to complete.
[2016.07.18-01.49.33:360][  0]LogFileHelpers: Loading map 'ThirdPersonExampleMap' took 0.386
[2016.07.18-01.49.33:493][  0]LogCrashTracker: Crashtracker disabled due to settings.
[2016.07.18-01.49.33:508][  0]LogCollectionManager: Loaded 0 collections in 0.002976 seconds
[2016.07.18-01.49.33:551][  0]LogFileCache: Scanning file cache for directory 'C:/Users/Sean/Documents/Unreal Projects/Minithulhutrainer/Saved/Collections/' took 0.01s
[2016.07.18-01.49.33:551][  0]LogFileCache: Scanning file cache for directory 'C:/Users/Sean/Documents/Unreal Projects/Minithulhutrainer/Content/Developers/Sean/Collections/' took 0.01s
[2016.07.18-01.49.33:551][  0]LogFileCache: Scanning file cache for directory 'C:/Users/Sean/Documents/Unreal Projects/Minithulhutrainer/Content/Collections/' took 0.01s
[2016.07.18-01.49.33:551][  0]LogCollectionManager: Rebuilt the GUID cache for 0 collections in 0.000002 seconds
[2016.07.18-01.49.33:556][  0]LogContentBrowser: Native class hierarchy populated in 0.0052 seconds. Added 1980 classes and 345 folders.
[2016.07.18-01.49.33:560][  0]LogStats: UGameplayTagsManager::ConstructGameplayTagTree: Construct from data asset -  0.000 s
[2016.07.18-01.49.33:560][  0]LogStats: UGameplayTagsManager::ConstructGameplayTagTree: GameplayTagTreeChangedEvent.Broadcast -  0.000 s
[2016.07.18-01.49.33:561][  0]LogContentBrowser: Native class hierarchy updated for 'GameplayTags' in 0.0003 seconds. Added 12 classes and 0 folders.
[2016.07.18-01.49.33:567][  0]LogContentBrowser: Native class hierarchy updated for 'WidgetCarousel' in 0.0002 seconds. Added 0 classes and 0 folders.
[2016.07.18-01.49.33:621][  0]LogContentBrowser: Native class hierarchy updated for 'AddContentDialog' in 0.0003 seconds. Added 0 classes and 0 folders.
[2016.07.18-01.49.33:623][  0]LogUObjectGlobals:Warning: Failed to find object 'Class None.'
[2016.07.18-01.49.33:648][  0]LogContentBrowser: Native class hierarchy updated for 'HierarchicalLODOutliner' in 0.0003 seconds. Added 1 classes and 2 folders.
[2016.07.18-01.49.33:648][  0]LogLoad: Full Startup: 5.15 seconds (BP compile: 0.06 seconds)
[2016.07.18-01.49.33:648][  0]LogExternalProfiler:Warning: No registered external profiler was matched with a command-line switch (or the DLL could not be loaded).  External profiling features will not be available.
[2016.07.18-01.49.33:657][  0]LogOcInput: OculusInput pre-init called
[2016.07.18-01.49.33:671][  0]LogAssetRegistry: Asset discovery search completed in 1.6422 seconds
[2016.07.18-01.49.33:671][  0]LogCollectionManager: Rebuilt the object cache for 0 collections in 0.000000 seconds (found 0 objects)
[2016.07.18-01.49.33:671][  0]LogCollectionManager: Fixed up redirectors for 0 collections in 0.000013 seconds (updated 0 objects)
[2016.07.18-01.49.33:693][  0]LogContentStreaming: Texture pool size now 1000 MB
[2016.07.18-01.49.33:761][  0]LogContentBrowser:Verbose: The majority of assets in the view are of type: WidgetBlueprint
[2016.07.18-01.49.33:801][  0]LogRenderer: Reallocating scene render targets to support 1276x868 (Frame:2).
[2016.07.18-01.50.08:415][280]LogContentBrowser: Native class hierarchy updated for 'BlueprintGraph' in 0.0005 seconds. Added 108 classes and 0 folders.
[2016.07.18-02.27.39:608][410]LogTexture:Display: Building textures: T_Brick_Clay_New_D (AutoDXT)
[2016.07.18-02.27.54:957][421]LogTexture:Display: Building textures: T_Concrete_Tiles_N (BC5)
[2016.07.18-02.28.03:015][  0]LogTexture:Display: Building textures: T_Ground_Gravel_N (BC5)
[2016.07.18-02.28.05:599][149]LogTexture:Display: Building textures: T_ground_Moss_D (AutoDXT)
[2016.07.18-02.28.33:696][659]LogFileHelpers: Editor autosave (incl. sublevels) for '/Game/ThirdPersonBP/Maps/ThirdPersonExampleMap' took 0.030
[2016.07.18-02.28.33:699][659]OBJ SavePackage: Generating thumbnails for [0] asset(s) in package [/Game/trainermenu/NewBlueprint] ([1] browsable assets)...
[2016.07.18-02.28.33:699][659]OBJ SavePackage: Finished generating thumbnails for package [/Game/trainermenu/NewBlueprint]
[2016.07.18-02.28.33:727][659]LogSavePackage: Save=24.12ms
[2016.07.18-02.28.33:727][659]LogSavePackage: Moving '../../../../../../Users/Sean/Documents/Unreal Projects/Minithulhutrainer/Saved/NewBlueprint_Auto17442382142AAA79AD7CC86B41D24145E.tmp' to '../../../../../../Users/Sean/Documents/Unreal Projects/Minithulhutrainer/Saved/Autosaves/Game/trainermenu/NewBlueprint_Auto1.uasset'
[2016.07.18-02.28.33:728][659]LogSavePackage: Total save time: 27.95ms
[2016.07.18-02.28.33:728][659]LogSavePackage:Display: Finished SavePackage ../../../../../../Users/Sean/Documents/Unreal Projects/Minithulhutrainer/Saved/Autosaves/Game/trainermenu/NewBlueprint_Auto1.uasset
[2016.07.18-02.28.33:728][659]LogFileHelpers: Auto-saving content packages took 0.032
[2016.07.18-02.38.59:960][188]Cmd: OBJ SAVEPACKAGE PACKAGE="/Game/trainermenu/NewBlueprint" FILE="../../../../../../Users/Sean/Documents/Unreal Projects/Minithulhutrainer/Content/trainermenu/NewBlueprint.uasset" SILENT=true
[2016.07.18-02.38.59:992][188]LogSavePackage: Save=28.49ms
[2016.07.18-02.38.59:992][188]LogSavePackage: Moving '../../../../../../Users/Sean/Documents/Unreal Projects/Minithulhutrainer/Saved/NewBlueprint290DBEB7427B5BFF82DAA5A3A64F9BD1.tmp' to '../../../../../../Users/Sean/Documents/Unreal Projects/Minithulhutrainer/Content/trainermenu/NewBlueprint.uasset'
[2016.07.18-02.38.59:994][188]LogSavePackage: Total save time: 33.27ms
[2016.07.18-02.38.59:994][188]LogSavePackage:Display: Finished SavePackage ../../../../../../Users/Sean/Documents/Unreal Projects/Minithulhutrainer/Content/trainermenu/NewBlueprint.uasset
[2016.07.18-02.39.05:048][483]BlueprintLog: New page: Compile NewBlueprint
[2016.07.18-02.39.05:114][483]BlueprintEditorCompileResults: Info [2976.61] Compile of NewBlueprint successful! [in 65 ms]
[2016.07.18-02.39.07:032][594]Cmd: OBJ SAVEPACKAGE PACKAGE="/Game/trainermenu/NewBlueprint" FILE="../../../../../../Users/Sean/Documents/Unreal Projects/Minithulhutrainer/Content/trainermenu/NewBlueprint.uasset" SILENT=true
[2016.07.18-02.39.07:054][594]LogSavePackage: Save=19.57ms
[2016.07.18-02.39.07:054][594]LogSavePackage: Moving '../../../../../../Users/Sean/Documents/Unreal Projects/Minithulhutrainer/Saved/NewBlueprint3C1D1D54442939810EDE0AA4DBC471AE.tmp' to '../../../../../../Users/Sean/Documents/Unreal Projects/Minithulhutrainer/Content/trainermenu/NewBlueprint.uasset'
[2016.07.18-02.39.07:056][594]LogSavePackage: Total save time: 22.61ms
[2016.07.18-02.39.07:056][594]LogSavePackage:Display: Finished SavePackage ../../../../../../Users/Sean/Documents/Unreal Projects/Minithulhutrainer/Content/trainermenu/NewBlueprint.uasset
[2016.07.18-02.42.19:103][ 32]Cmd: OBJ SAVEPACKAGE PACKAGE="/Game/trainermenu/NewBlueprint" FILE="../../../../../../Users/Sean/Documents/Unreal Projects/Minithulhutrainer/Content/trainermenu/NewBlueprint.uasset" SILENT=true
[2016.07.18-02.42.19:141][ 32]LogSavePackage: Save=35.70ms
[2016.07.18-02.42.19:141][ 32]LogSavePackage: Moving '../../../../../../Users/Sean/Documents/Unreal Projects/Minithulhutrainer/Saved/NewBlueprint0E03A3424090DD540AD139924E7FFD48.tmp' to '../../../../../../Users/Sean/Documents/Unreal Projects/Minithulhutrainer/Content/trainermenu/NewBlueprint.uasset'
[2016.07.18-02.42.19:142][ 32]LogSavePackage: Total save time: 39.13ms
[2016.07.18-02.42.19:142][ 32]LogSavePackage:Display: Finished SavePackage ../../../../../../Users/Sean/Documents/Unreal Projects/Minithulhutrainer/Content/trainermenu/NewBlueprint.uasset
[2016.07.18-02.49.00:526][711]LogFileHelpers: Editor autosave (incl. sublevels) for '/Game/ThirdPersonBP/Maps/ThirdPersonExampleMap' took 0.016
[2016.07.18-02.49.00:529][711]OBJ SavePackage: Generating thumbnails for [0] asset(s) in package [/Game/trainermenu/NewBlueprint] ([1] browsable assets)...
[2016.07.18-02.49.00:529][711]OBJ SavePackage: Finished generating thumbnails for package [/Game/trainermenu/NewBlueprint]
[2016.07.18-02.49.00:574][711]LogSavePackage: Save=41.01ms
[2016.07.18-02.49.00:574][711]LogSavePackage: Moving '../../../../../../Users/Sean/Documents/Unreal Projects/Minithulhutrainer/Saved/NewBlueprint_Auto29120EE7D4E0235FFA29EB9830C192444.tmp' to '../../../../../../Users/Sean/Documents/Unreal Projects/Minithulhutrainer/Saved/Autosaves/Game/trainermenu/NewBlueprint_Auto2.uasset'
[2016.07.18-02.49.00:575][711]LogSavePackage: Total save time: 44.81ms
[2016.07.18-02.49.00:575][711]LogSavePackage:Display: Finished SavePackage ../../../../../../Users/Sean/Documents/Unreal Projects/Minithulhutrainer/Saved/Autosaves/Game/trainermenu/NewBlueprint_Auto2.uasset
[2016.07.18-02.49.00:575][711]LogFileHelpers: Auto-saving content packages took 0.048
[2016.07.18-03.02.34:441][250]Cmd: OBJ SAVEPACKAGE PACKAGE="/Game/trainermenu/NewBlueprint" FILE="../../../../../../Users/Sean/Documents/Unreal Projects/Minithulhutrainer/Content/trainermenu/NewBlueprint.uasset" SILENT=true
[2016.07.18-03.02.34:489][250]LogSavePackage: Save=44.80ms
[2016.07.18-03.02.34:489][250]LogSavePackage: Moving '../../../../../../Users/Sean/Documents/Unreal Projects/Minithulhutrainer/Saved/NewBlueprintA6A98DB048239A7B8C0520AE4962AA5A.tmp' to '../../../../../../Users/Sean/Documents/Unreal Projects/Minithulhutrainer/Content/trainermenu/NewBlueprint.uasset'
[2016.07.18-03.02.34:491][250]LogSavePackage: Total save time: 50.03ms
[2016.07.18-03.02.34:491][250]LogSavePackage:Display: Finished SavePackage ../../../../../../Users/Sean/Documents/Unreal Projects/Minithulhutrainer/Content/trainermenu/NewBlueprint.uasset
[2016.07.18-03.02.42:053][807]LogWindowsTextInputMethodSystem:Display: IME system now deactivated.
[2016.07.18-03.02.42:207][808]Cmd: QUIT_EDITOR
[2016.07.18-03.02.42:275][808]LogExit: Preparing to exit.
[2016.07.18-03.02.43:397][808]LogExit: Editor shut down
[2016.07.18-03.02.43:397][808]LogExit: Transaction tracking system shut down
[2016.07.18-03.02.43:507][808]LogObj: Freed 0b from 0 cluster array pools.
[2016.07.18-03.02.43:507][808]LogExit: Object subsystem successfully closed.
[2016.07.18-03.02.43:523][808]LogD3D11RHI: Shutdown
[2016.07.18-03.02.43:523][808]LogD3D11RHI: CleanupD3DDevice
[2016.07.18-03.02.43:650][808]LogD3D11RHI: ~FD3D11DynamicRHI
[2016.07.18-03.02.43:700][808]LogDerivedDataCache: Shutdown
[2016.07.18-03.02.43:700][808]LogModuleManager: Shutting down and abandoning module SequencerWidgets (205)
[2016.07.18-03.02.43:700][808]LogModuleManager: Shutting down and abandoning module BlueprintGraph (204)
[2016.07.18-03.02.43:700][808]LogModuleManager: Shutting down and abandoning module HierarchicalLODOutliner (203)
[2016.07.18-03.02.43:700][808]LogModuleManager: Shutting down and abandoning module WidgetCarousel (202)
[2016.07.18-03.02.43:700][808]LogModuleManager: Shutting down and abandoning module AddContentDialog (201)
[2016.07.18-03.02.43:701][808]LogModuleManager: Shutting down and abandoning module GameplayTags (200)
[2016.07.18-03.02.43:701][808]LogModuleManager: Shutting down and abandoning module EditorWidgets (199)
[2016.07.18-03.02.43:701][808]LogModuleManager: Shutting down and abandoning module CollectionManager (198)
[2016.07.18-03.02.43:701][808]LogModuleManager: Shutting down and abandoning module CrashTracker (197)
[2016.07.18-03.02.43:701][808]LogModuleManager: Shutting down and abandoning module SuperSearch (196)
[2016.07.18-03.02.43:701][808]LogModuleManager: Shutting down and abandoning module StatsViewer (195)
[2016.07.18-03.02.43:701][808]LogModuleManager: Shutting down and abandoning module FoliageEdit (194)
[2016.07.18-03.02.43:701][808]LogModuleManager: Shutting down and abandoning module LandscapeEditor (193)
[2016.07.18-03.02.43:701][808]LogModuleManager: Shutting down and abandoning module ActorPickerMode (192)
[2016.07.18-03.02.43:701][808]LogModuleManager: Shutting down and abandoning module GeometryMode (191)
[2016.07.18-03.02.43:701][808]LogModuleManager: Shutting down and abandoning module TextureAlignMode (190)
[2016.07.18-03.02.43:701][808]LogModuleManager: Shutting down and abandoning module BspMode (189)
[2016.07.18-03.02.43:701][808]LogModuleManager: Shutting down and abandoning module PlacementMode (188)
[2016.07.18-03.02.43:701][808]LogModuleManager: Shutting down and abandoning module AutomationWorker (187)
[2016.07.18-03.02.43:701][808]LogModuleManager: Shutting down and abandoning module CharacterAI (186)
[2016.07.18-03.02.43:701][808]LogModuleManager: Shutting down and abandoning module SmartSnapping (185)
[2016.07.18-03.02.43:701][808]LogModuleManager: Shutting down and abandoning module ViewportSnapping (184)
[2016.07.18-03.02.43:701][808]LogModuleManager: Shutting down and abandoning module LogVisualizer (183)
[2016.07.18-03.02.43:702][808]LogModuleManager: Shutting down and abandoning module GameProjectGeneration (182)
[2016.07.18-03.02.43:702][808]LogModuleManager: Shutting down and abandoning module IntroTutorials (181)
[2016.07.18-03.02.43:702][808]LogModuleManager: Shutting down and abandoning module EditorLiveStreaming (180)
[2016.07.18-03.02.43:702][808]LogModuleManager: Shutting down and abandoning module IOSPlatformEditor (179)
[2016.07.18-03.02.43:702][808]LogModuleManager: Shutting down and abandoning module HTML5PlatformEditor (178)
[2016.07.18-03.02.43:702][808]LogModuleManager: Shutting down and abandoning module AndroidDeviceDetection (177)
[2016.07.18-03.02.43:740][808]LogModuleManager: Shutting down and abandoning module AndroidPlatformEditor (176)
[2016.07.18-03.02.43:740][808]LogModuleManager: Shutting down and abandoning module IOSRuntimeSettings (175)
[2016.07.18-03.02.43:740][808]LogModuleManager: Shutting down and abandoning module AndroidRuntimeSettings (174)
[2016.07.18-03.02.43:740][808]LogModuleManager: Shutting down and abandoning module MergeActors (173)
[2016.07.18-03.02.43:740][808]LogModuleManager: Shutting down and abandoning module SizeMap (172)
[2016.07.18-03.02.43:740][808]LogModuleManager: Shutting down and abandoning module TreeMap (171)
[2016.07.18-03.02.43:740][808]LogModuleManager: Shutting down and abandoning module ReferenceViewer (170)
[2016.07.18-03.02.43:740][808]LogModuleManager: Shutting down and abandoning module LocalizationService (169)
[2016.07.18-03.02.43:740][808]LogModuleManager: Shutting down and abandoning module LocalizationDashboard (168)
[2016.07.18-03.02.43:740][808]LogModuleManager: Shutting down and abandoning module HardwareTargeting (167)
[2016.07.18-03.02.43:740][808]LogModuleManager: Shutting down and abandoning module DeviceProfileEditor (166)
[2016.07.18-03.02.43:740][808]LogModuleManager: Shutting down and abandoning module UndoHistory (165)
[2016.07.18-03.02.43:740][808]LogModuleManager: Shutting down and abandoning module UserFeedback (164)
[2016.07.18-03.02.43:740][808]LogModuleManager: Shutting down and abandoning module XmlParser (163)
[2016.07.18-03.02.43:741][808]LogModuleManager: Shutting down and abandoning module Blutility (162)
[2016.07.18-03.02.43:741][808]LogModuleManager: Shutting down and abandoning module ProjectTargetPlatformEditor (161)
[2016.07.18-03.02.43:741][808]LogModuleManager: Shutting down and abandoning module ProjectSettingsViewer (160)
[2016.07.18-03.02.43:741][808]LogModuleManager: Shutting down and abandoning module InputBindingEditor (159)
[2016.07.18-03.02.43:741][808]LogModuleManager: Shutting down and abandoning module EditorSettingsViewer (158)
[2016.07.18-03.02.43:741][808]LogModuleManager: Shutting down and abandoning module SettingsEditor (157)
[2016.07.18-03.02.43:741][808]LogModuleManager: Shutting down and abandoning module ProjectLauncher (156)
[2016.07.18-03.02.43:741][808]LogModuleManager: Shutting down and abandoning module SessionFrontend (155)
[2016.07.18-03.02.43:741][808]LogModuleManager: Shutting down and abandoning module ProfilerClient (154)
[2016.07.18-03.02.43:741][808]LogModuleManager: Shutting down and abandoning module TargetDeviceServices (153)
[2016.07.18-03.02.43:741][808]LogModuleManager: Shutting down and abandoning module DeviceManager (152)
[2016.07.18-03.02.43:783][808]LogModuleManager: Shutting down and abandoning module AutomationController (151)
[2016.07.18-03.02.43:783][808]LogModuleManager: Shutting down and abandoning module AutomationWindow (150)
[2016.07.18-03.02.43:783][808]LogModuleManager: Shutting down and abandoning module Layers (149)
[2016.07.18-03.02.43:783][808]LogModuleManager: Shutting down and abandoning module ComponentVisualizers (148)
[2016.07.18-03.02.43:783][808]LogModuleManager: Shutting down and abandoning module DetailCustomizations (147)
[2016.07.18-03.02.43:783][808]LogModuleManager: Shutting down and abandoning module PackagesDialog (146)
[2016.07.18-03.02.43:783][808]LogModuleManager: Shutting down and abandoning module Persona (145)
[2016.07.18-03.02.43:783][808]LogModuleManager: Shutting down and abandoning module Kismet (144)
[2016.07.18-03.02.43:783][808]LogModuleManager: Shutting down and abandoning module GraphEditor (143)
[2016.07.18-03.02.43:783][808]LogModuleManager: Shutting down and abandoning module ClassViewer (142)
[2016.07.18-03.02.43:783][808]LogModuleManager: Shutting down and abandoning module Toolbox (141)
[2016.07.18-03.02.43:783][808]LogModuleManager: Shutting down and abandoning module ModuleUI (140)
[2016.07.18-03.02.43:783][808]LogModuleManager: Shutting down and abandoning module MovieSceneTools (139)
[2016.07.18-03.02.43:783][808]LogModuleManager: Shutting down and abandoning module OutputLog (138)
[2016.07.18-03.02.43:783][808]LogModuleManager: Shutting down and abandoning module GammaUI (137)
[2016.07.18-03.02.43:783][808]LogModuleManager: Shutting down and abandoning module Documentation (136)
[2016.07.18-03.02.43:783][808]LogModuleManager: Shutting down and abandoning module StreamingPauseRendering (135)
[2016.07.18-03.02.43:783][808]LogModuleManager: Shutting down and abandoning module AnalyticsET (134)
[2016.07.18-03.02.43:783][808]LogModuleManager: Shutting down and abandoning module Analytics (133)
[2016.07.18-03.02.43:783][808]LogModuleManager: Shutting down and abandoning module PortalServices (132)
[2016.07.18-03.02.43:783][808]LogModuleManager: Shutting down and abandoning module PortalRpc (131)
[2016.07.18-03.02.43:783][808]LogModuleManager: Shutting down and abandoning module MessagingRpc (130)
[2016.07.18-03.02.43:783][808]LogModuleManager: Shutting down and abandoning module AITestSuite (129)
[2016.07.18-03.02.43:783][808]LogModuleManager: Shutting down and abandoning module GameplayDebugger (128)
[2016.07.18-03.02.43:783][808]LogModuleManager: Shutting down and abandoning module AIModule (127)
[2016.07.18-03.02.43:783][808]LogModuleManager: Shutting down and abandoning module ProfilerService (126)
[2016.07.18-03.02.43:891][808]LogModuleManager: Shutting down and abandoning module TaskGraph (125)
[2016.07.18-03.02.43:891][808]LogModuleManager: Shutting down and abandoning module SlateRemote (124)
[2016.07.18-03.02.43:891][808]LogModuleManager: Shutting down and abandoning module SteamVRController (123)
[2016.07.18-03.02.43:891][808]LogModuleManager: Shutting down and abandoning module SteamVR (122)
[2016.07.18-03.02.43:891][808]LogModuleManager: Shutting down and abandoning module ProceduralMeshComponent (121)
[2016.07.18-03.02.43:891][808]LogModuleManager: Shutting down and abandoning module OculusLibrary (120)
[2016.07.18-03.02.43:891][808]LogModuleManager: Shutting down and abandoning module OculusInput (119)
[2016.07.18-03.02.43:891][808]LogModuleManager: Shutting down and abandoning module CustomMeshComponent (118)
[2016.07.18-03.02.43:891][808]LogModuleManager: Shutting down and abandoning module CableComponent (117)
[2016.07.18-03.02.43:891][808]LogModuleManager: Shutting down and abandoning module ArchVisCharacter (116)
[2016.07.18-03.02.43:891][808]LogModuleManager: Shutting down and abandoning module MediaPlayerEditor (115)
[2016.07.18-03.02.43:891][808]LogModuleManager: Shutting down and abandoning module HTML5Networking (114)
[2016.07.18-03.02.43:891][808]LogModuleManager: Shutting down and abandoning module SpeedTreeImporter (113)
[2016.07.18-03.02.43:891][808]LogModuleManager: Shutting down and abandoning module PluginBrowser (112)
[2016.07.18-03.02.43:891][808]LogModuleManager: Shutting down and abandoning module EpicSurvey (111)
[2016.07.18-03.02.43:891][808]LogModuleManager: Shutting down and abandoning module DesktopPlatform (110)
[2016.07.18-03.02.43:891][808]LogModuleManager: Shutting down and abandoning module VisualStudioSourceCodeAccess (109)
[2016.07.18-03.02.43:891][808]LogModuleManager: Shutting down and abandoning module UObjectPlugin (108)
[2016.07.18-03.02.43:891][808]LogModuleManager: Shutting down and abandoning module SubversionSourceControl (107)
[2016.07.18-03.02.43:891][808]LogModuleManager: Shutting down and abandoning module PerforceSourceControl (106)
[2016.07.18-03.02.43:891][808]LogModuleManager: Shutting down and abandoning module SourceControl (105)
[2016.07.18-03.02.43:891][808]LogModuleManager: Shutting down and abandoning module GitSourceControl (104)
[2016.07.18-03.02.43:891][808]LogModuleManager: Shutting down and abandoning module LightPropagationVolumeEditor (103)
[2016.07.18-03.02.43:891][808]LogModuleManager: Shutting down and abandoning module PaperTiledImporter (102)
[2016.07.18-03.02.43:891][808]LogModuleManager: Shutting down and abandoning module PaperSpriteSheetImporter (101)
[2016.07.18-03.02.43:891][808]LogModuleManager: Shutting down and abandoning module MeshPaint (100)
[2016.07.18-03.02.43:891][808]LogModuleManager: Shutting down and abandoning module HotReload (99)
[2016.07.18-03.02.43:892][808]LogModuleManager: Shutting down and abandoning module MainFrame (98)
[2016.07.18-03.02.43:892][808]LogModuleManager: Shutting down and abandoning module LevelEditor (97)
[2016.07.18-03.02.43:892][808]LogModuleManager: Shutting down and abandoning module DirectoryWatcher (96)
[2016.07.18-03.02.43:892][808]LogModuleManager: Shutting down and abandoning module AssetRegistry (95)
[2016.07.18-03.02.44:001][808]LogModuleManager: Shutting down and abandoning module ContentBrowser (94)
[2016.07.18-03.02.44:001][808]LogModuleManager: Shutting down and abandoning module Paper2DEditor (93)
[2016.07.18-03.02.44:001][808]LogModuleManager: Shutting down and abandoning module UdpMessaging (92)
[2016.07.18-03.02.44:102][808]LogModuleManager: Shutting down and abandoning module LightPropagationVolumeRuntime (91)
[2016.07.18-03.02.44:102][808]LogModuleManager: Shutting down and abandoning module Paper2D (90)
[2016.07.18-03.02.44:102][808]LogModuleManager: Shutting down and abandoning module WindowsMoviePlayer (89)
[2016.07.18-03.02.44:102][808]LogModuleManager: Shutting down and abandoning module Media (88)
[2016.07.18-03.02.44:102][808]LogModuleManager: Shutting down and abandoning module WmfMedia (87)
[2016.07.18-03.02.44:102][808]LogModuleManager: Shutting down and abandoning module MediaAssets (86)
[2016.07.18-03.02.44:102][808]LogModuleManager: Shutting down and abandoning module GameLiveStreaming (85)
[2016.07.18-03.02.44:102][808]LogModuleManager: Shutting down and abandoning module GameplayTagsEditor (84)
[2016.07.18-03.02.44:102][808]LogModuleManager: Shutting down and abandoning module OnlineBlueprintSupport (83)
[2016.07.18-03.02.44:102][808]LogModuleManager: Shutting down and abandoning module GameplayTasksEditor (82)
[2016.07.18-03.02.44:102][808]LogModuleManager: Shutting down and abandoning module PropertyEditor (81)
[2016.07.18-03.02.44:102][808]LogModuleManager: Shutting down and abandoning module BehaviorTreeEditor (80)
[2016.07.18-03.02.44:102][808]LogModuleManager: Shutting down and abandoning module FunctionalTesting (79)
[2016.07.18-03.02.44:102][808]LogModuleManager: Shutting down and abandoning module CollisionAnalyzer (78)
[2016.07.18-03.02.44:102][808]LogModuleManager: Shutting down and abandoning module WorkspaceMenuStructure (77)
[2016.07.18-03.02.44:102][808]LogModuleManager: Shutting down and abandoning module MessageLog (76)
[2016.07.18-03.02.44:102][808]LogModuleManager: Shutting down and abandoning module Sequencer (75)
[2016.07.18-03.02.44:102][808]LogModuleManager: Shutting down and abandoning module AssetTools (74)
[2016.07.18-03.02.44:102][808]LogModuleManager: Shutting down and abandoning module UMGEditor (73)
[2016.07.18-03.02.44:102][808]LogModuleManager: Shutting down and abandoning module UMG (72)
[2016.07.18-03.02.44:102][808]LogModuleManager: Shutting down and abandoning module SlateReflector (71)
[2016.07.18-03.02.44:102][808]LogModuleManager: Shutting down and abandoning module Slate (70)
[2016.07.18-03.02.44:102][808]LogModuleManager: Shutting down and abandoning module EditorStyle (69)
[2016.07.18-03.02.44:104][808]LogModuleManager: Shutting down and abandoning module SessionServices (68)
[2016.07.18-03.02.44:104][808]LogModuleManager: Shutting down and abandoning module SourceCodeAccess (67)
[2016.07.18-03.02.44:104][808]LogModuleManager: Shutting down and abandoning module HeadMountedDisplay (66)
[2016.07.18-03.02.44:104][808]LogModuleManager: Shutting down and abandoning module XAudio2 (65)
[2016.07.18-03.02.44:104][808]LogModuleManager: Shutting down and abandoning module Networking (63)
[2016.07.18-03.02.44:104][808]LogModuleManager: Shutting down and abandoning module Core (62)
[2016.07.18-03.02.44:104][808]LogModuleManager: Shutting down and abandoning module KismetCompiler (61)
[2016.07.18-03.02.44:104][808]LogModuleManager: Shutting down and abandoning module PhysXFormats (60)
[2016.07.18-03.02.44:104][808]LogModuleManager: Shutting down and abandoning module MeshUtilities (59)
[2016.07.18-03.02.44:104][808]LogModuleManager: Shutting down and abandoning module CookingStats (58)
[2016.07.18-03.02.44:104][808]LogModuleManager: Shutting down and abandoning module DerivedDataCache (57)
[2016.07.18-03.02.44:104][808]LogDerivedDataCache: Shutdown
[2016.07.18-03.02.44:104][808]LogModuleManager: Shutting down and abandoning module ShaderFormatOpenGL (56)
[2016.07.18-03.02.44:104][808]LogModuleManager: Shutting down and abandoning module ShaderFormatD3D (55)
[2016.07.18-03.02.44:104][808]LogModuleManager: Shutting down and abandoning module MetalShaderFormat (54)
[2016.07.18-03.02.44:104][808]LogModuleManager: Shutting down and abandoning module TextureFormatUncompressed (53)
[2016.07.18-03.02.44:104][808]LogModuleManager: Shutting down and abandoning module TextureFormatPVR (52)
[2016.07.18-03.02.44:104][808]LogModuleManager: Shutting down and abandoning module TextureFormatIntelISPCTexComp (51)
[2016.07.18-03.02.44:104][808]LogModuleManager: Shutting down and abandoning module TextureFormatDXT (50)
[2016.07.18-03.02.44:104][808]LogModuleManager: Shutting down and abandoning module ImageWrapper (49)
[2016.07.18-03.02.44:104][808]LogModuleManager: Shutting down and abandoning module TextureFormatASTC (48)
[2016.07.18-03.02.44:104][808]LogModuleManager: Shutting down and abandoning module TextureFormatAndroid (47)
[2016.07.18-03.02.44:104][808]LogModuleManager: Shutting down and abandoning module AudioFormatOpus (46)
[2016.07.18-03.02.44:104][808]LogModuleManager: Shutting down and abandoning module AudioFormatOgg (45)
[2016.07.18-03.02.44:104][808]LogModuleManager: Shutting down and abandoning module AudioFormatADPCM (44)
[2016.07.18-03.02.44:104][808]LogModuleManager: Shutting down and abandoning module LinuxTargetPlatform (43)
[2016.07.18-03.02.44:104][808]LogModuleManager: Shutting down and abandoning module LinuxServerTargetPlatform (42)
[2016.07.18-03.02.44:104][808]LogModuleManager: Shutting down and abandoning module LinuxNoEditorTargetPlatform (41)
[2016.07.18-03.02.44:104][808]LogModuleManager: Shutting down and abandoning module TVOSTargetPlatform (40)
[2016.07.18-03.02.44:104][808]LogModuleManager: Shutting down and abandoning module Messaging (39)
[2016.07.18-03.02.44:104][808]LogModuleManager: Shutting down and abandoning module IOSTargetPlatform (38)
[2016.07.18-03.02.44:104][808]LogModuleManager: Shutting down and abandoning module HTML5TargetPlatform (37)
[2016.07.18-03.02.44:104][808]LogModuleManager: Shutting down and abandoning module Android_PVRTCTargetPlatform (36)
[2016.07.18-03.02.44:104][808]LogModuleManager: Shutting down and abandoning module Android_MultiTargetPlatform (35)
[2016.07.18-03.02.44:104][808]LogModuleManager: Shutting down and abandoning module Android_ETC2TargetPlatform (34)
[2016.07.18-03.02.44:104][808]LogModuleManager: Shutting down and abandoning module Android_ETC1TargetPlatform (33)
[2016.07.18-03.02.44:104][808]LogModuleManager: Shutting down and abandoning module Android_DXTTargetPlatform (32)
[2016.07.18-03.02.44:104][808]LogModuleManager: Shutting down and abandoning module Android_ATCTargetPlatform (31)
[2016.07.18-03.02.44:104][808]LogModuleManager: Shutting down and abandoning module Android_ASTCTargetPlatform (30)
[2016.07.18-03.02.44:104][808]LogModuleManager: Shutting down and abandoning module AndroidTargetPlatform (29)
[2016.07.18-03.02.44:104][808]LogModuleManager: Shutting down and abandoning module WindowsTargetPlatform (28)
[2016.07.18-03.02.44:104][808]LogModuleManager: Shutting down and abandoning module WindowsServerTargetPlatform (27)
[2016.07.18-03.02.44:104][808]LogModuleManager: Shutting down and abandoning module WindowsNoEditorTargetPlatform (26)
[2016.07.18-03.02.44:104][808]LogModuleManager: Shutting down and abandoning module WindowsClientTargetPlatform (25)
[2016.07.18-03.02.44:104][808]LogModuleManager: Shutting down and abandoning module AllDesktopTargetPlatform (24)
[2016.07.18-03.02.44:104][808]LogModuleManager: Shutting down and abandoning module TargetPlatform (23)
[2016.07.18-03.02.44:104][808]LogModuleManager: Shutting down and abandoning module InputCore (22)
[2016.07.18-03.02.44:104][808]LogModuleManager: Shutting down and abandoning module Settings (21)
[2016.07.18-03.02.44:104][808]LogModuleManager: Shutting down and abandoning module OnlineSubsystem (19)
[2016.07.18-03.02.44:104][808]LogModuleManager: Shutting down and abandoning module HTTP (18)
[2016.07.18-03.02.46:106][808]LogModuleManager: Shutting down and abandoning module XMPP (17)
[2016.07.18-03.02.46:106][808]LogModuleManager: Shutting down and abandoning module OculusRift (16)
[2016.07.18-03.02.46:106][808]LogModuleManager: Shutting down and abandoning module ExampleDeviceProfileSelector (15)
[2016.07.18-03.02.46:106][808]LogModuleManager: Shutting down and abandoning module TextureCompressor (14)
[2016.07.18-03.02.46:106][808]LogModuleManager: Shutting down and abandoning module ShaderCore (13)
[2016.07.18-03.02.46:106][808]LogModuleManager: Shutting down and abandoning module Landscape (12)
[2016.07.18-03.02.46:106][808]LogModuleManager: Shutting down and abandoning module SlateRHIRenderer (11)
[2016.07.18-03.02.46:107][808]LogModuleManager: Shutting down and abandoning module OpenGLDrv (10)
[2016.07.18-03.02.46:107][808]LogModuleManager: Shutting down and abandoning module D3D11RHI (9)
[2016.07.18-03.02.46:107][808]LogModuleManager: Shutting down and abandoning module AnimGraphRuntime (8)
[2016.07.18-03.02.46:107][808]LogModuleManager: Shutting down and abandoning module Renderer (7)
[2016.07.18-03.02.46:107][808]LogModuleManager: Shutting down and abandoning module Engine (6)
[2016.07.18-03.02.46:107][808]LogModuleManager: Shutting down and abandoning module CoreUObject (5)
[2016.07.18-03.02.46:107][808]LogModuleManager: Shutting down and abandoning module NetworkFile (4)
[2016.07.18-03.02.46:107][808]LogModuleManager: Shutting down and abandoning module StreamingFile (3)
[2016.07.18-03.02.46:107][808]LogModuleManager: Shutting down and abandoning module SandboxFile (2)
[2016.07.18-03.02.46:107][808]LogModuleManager: Shutting down and abandoning module PakFile (1)
[2016.07.18-03.02.46:108][808]LogExit: Exiting.
[2016.07.18-03.02.46:109][808]Log file closed, 07/17/16 20:02:46
